[     498ms] [INFO] %cDownload the React DevTools for a better development experience: https://react.dev/link/react-devtools font-weight:bold @ http://localhost:3000/_next/static/chunks/node_modules_next_dist_115brz8._.js:2431
[     538ms] [LOG] [HMR] connected @ http://localhost:3000/_next/static/chunks/node_modules_next_dist_115brz8._.js:2431
[     687ms] Error: Hydration failed because the server rendered HTML didn't match the client. As a result this tree will be regenerated on the client. This can happen if a SSR-ed Client Component used:

- A server/client branch `if (typeof window !== 'undefined')`.
- Variable input such as `Date.now()` or `Math.random()` which changes each time it's called.
- Date formatting in a user's locale which doesn't match the server.
- External changing data without sending a snapshot of it along with the HTML.
- Invalid HTML tag nesting.

It can also happen if the client has a browser extension installed which messes with the HTML before React loaded.

https://react.dev/link/hydration-mismatch

  ...
    <RenderFromTemplateContext>
      <ScrollAndMaybeFocusHandler cacheNode={{rsc:{...}, ...}}>
        <InnerScrollAndFocusHandlerOld focusAndScrollRef={{scrollRef:null, ...}} cacheNode={{rsc:{...}, ...}}>
          <ErrorBoundary errorComponent={undefined} errorStyles={undefined} errorScripts={undefined}>
            <LoadingBoundary name="31/" loading={null}>
              <HTTPAccessFallbackBoundary notFound={undefined} forbidden={undefined} unauthorized={undefined}>
                <RedirectBoundary>
                  <RedirectErrorBoundary router={{...}}>
                    <InnerLayoutRouter url="/ka/produc..." tree={[...]} params={{lang:"ka",id:"31"}} ...>
                      <SegmentViewNode type="page" pagePath="[lang]/pro...">
                        <SegmentTrieNode>
                        <ProductDetailsPage>
                          <ProductDetailsClient product={{id:"31",code:"FD1", ...}} related={[...]} lang="ka" ...>
                            <div style={{...}}>
                              <div
                                aria-hidden="true"
                                style={{
+                                 position: "absolute"
-                                 position: "absolute"
+                                 top: -200
-                                 top: "-140px"
+                                 right: -180
-                                 right: "-120px"
+                                 width: 700
-                                 width: "500px"
+                                 height: 700
-                                 height: "500px"
+                                 borderRadius: "50%"
+                                 background: "radial-gradient(circle, rgba(196,132,154,0.14) 0%, transparent 62%)"
+                                 pointerEvents: "none"
-                                 border-top-left-radius: "50%"
-                                 border-top-right-radius: "50%"
-                                 border-bottom-right-radius: "50%"
-                                 border-bottom-left-radius: "50%"
-                                 background-image: "radial-gradient(circle, rgba(196, 132, 154, 0.09) 0%, transparent..."
-                                 background-position-x: "initial"
-                                 background-position-y: "initial"
-                                 background-size: "initial"
-                                 background-repeat: "initial"
-                                 background-attachment: "initial"
-                                 background-origin: "initial"
-                                 background-clip: "initial"
-                                 background-color: "initial"
-                                 pointer-events: "none"
                                }}
                              >
                              <div
                                aria-hidden="true"
                                style={{
+                                 position: "absolute"
-                                 position: "absolute"
+                                 top: 350
-                                 top: "260px"
+                                 left: -140
-                                 left: "-100px"
+                                 width: 500
-                                 width: "380px"
+                                 height: 500
-                                 height: "380px"
+                                 borderRadius: "50%"
+                                 background: "radial-gradient(circle, rgba(90,159,212,0.1) 0%, transparent 62%)"
+                                 pointerEvents: "none"
-                                 border-top-left-radius: "50%"
-                                 border-top-right-radius: "50%"
-                                 border-bottom-right-radius: "50%"
-                                 border-bottom-left-radius: "50%"
-                                 background-image: "radial-gradient(circle, rgba(90, 159, 212, 0.07) 0%, transparent ..."
-                                 background-position-x: "initial"
-                                 background-position-y: "initial"
-                                 background-size: "initial"
-                                 background-repeat: "initial"
-                                 background-attachment: "initial"
-                                 background-origin: "initial"
-                                 background-clip: "initial"
-                                 background-color: "initial"
-                                 pointer-events: "none"
                                }}
                              >
                              <div
                                aria-hidden="true"
                                style={{
+                                 position: "absolute"
-                                 position: "absolute"
+                                 bottom: 180
-                                 bottom: "300px"
+                                 right: -80
-                                 right: "-60px"
+                                 width: 380
-                                 width: "280px"
+                                 height: 380
-                                 height: "280px"
+                                 borderRadius: "50%"
+                                 background: "radial-gradient(circle, rgba(243,182,43,0.08) 0%, transparent 62%)"
+                                 pointerEvents: "none"
-                                 border-top-left-radius: "50%"
-                                 border-top-right-radius: "50%"
-                                 border-bottom-right-radius: "50%"
-                                 border-bottom-left-radius: "50%"
-                                 background-image: "radial-gradient(circle, rgba(243, 182, 43, 0.06) 0%, transparent ..."
-                                 background-position-x: "initial"
-                                 background-position-y: "initial"
-                                 background-size: "initial"
-                                 background-repeat: "initial"
-                                 background-attachment: "initial"
-                                 background-origin: "initial"
-                                 background-clip: "initial"
-                                 background-color: "initial"
-                                 pointer-events: "none"
                                }}
                              >
                              <div
+                               className="max-w-6xl mx-auto px-5 sm:px-8 md:px-12 pt-7 md:pt-11 pb-0 relative z-10"
-                               className="max-w-6xl mx-auto px-5 sm:px-8 md:px-12 pt-8 md:pt-14 pb-0 relative z-10"
                              >
                                <nav
+                                 className="flex items-center gap-1.5 mb-6 md:mb-10 overflow-x-auto whitespace-nowrap"
-                                 className="flex items-center gap-1.5 mb-8 md:mb-12 overflow-x-auto whitespace-nowrap"
                                  style={{
+                                   fontFamily: "var(--font-fraunces), 'Fraunces', Georgia, serif"
+                                   fontSize: 11
+                                   color: "#c9a86c"
-                                   color: "rgb(201, 168, 108)"
+                                   letterSpacing: "0.08em"
-                                   font-family: "var(--font-fraunces), 'Fraunces', Georgia, serif"
-                                   font-size: "12px"
-                                   letter-spacing: "0.06em"
                                  }}
                                >
                                  <LinkComponent>
                                  <span
                                    className="shrink-0"
-                                   style={{opacity:"0.5"}}
                                  >
+                                   /
                                  <LinkComponent>
                                  <span
                                    className="shrink-0"
-                                   style={{opacity:"0.5"}}
                                  >
+                                   /
                                  ...
                                <div
+                                 className="grid gap-8 lg:gap-14 xl:gap-20 lg:grid-cols-[1.1fr_0.9fr] items-start"
-                                 className="grid gap-10 lg:gap-16 lg:grid-cols-2 items-start"
                                >
                                  <motion.div initial={{opacity:0,x:-40}} animate={{opacity:1,x:0}} ...>
                                    <div
                                      style={{
+                                       position: "relative"
+                                       opacity: 0
-                                       opacity: "0"
+                                       transform: "translateX(-40px)"
-                                       transform: "translateX(-32px)"
                                      }}
                                      ref={function useMotionRef.useCallback}
-                                     className="relative"
                                    >
+                                     <span
+                                       aria-hidden="true"
+                                       style={{position:"absolute",top:"4%",left:"5%",zIndex:8,fontSize:22,color:"#f3b62b",transform:"rotate(-...", ...}}
+                                     >
-                                     <div
-                                       aria-hidden="true"
-                                       style={{position:"absolute",top:"50%",left:"50%",width:"86%",height:"86%",transform:"translate(...", ...}}
-                                     >
                                      ...
                                  ...
                              ...
                      ...
                    ...
          ...

    at throwOnHydrationMismatch (http://localhost:3000/_next/static/chunks/node_modules_next_dist_compiled_react-dom_058-ah~._.js:3318:56)
    at beginWork (http://localhost:3000/_next/static/chunks/node_modules_next_dist_compiled_react-dom_058-ah~._.js:6758:918)
    at runWithFiberInDEV (http://localhost:3000/_next/static/chunks/node_modules_next_dist_compiled_react-dom_058-ah~._.js:965:74)
    at performUnitOfWork (http://localhost:3000/_next/static/chunks/node_modules_next_dist_compiled_react-dom_058-ah~._.js:9555:97)
    at workLoopConcurrentByScheduler (http://localhost:3000/_next/static/chunks/node_modules_next_dist_compiled_react-dom_058-ah~._.js:9551:58)
    at renderRootConcurrent (http://localhost:3000/_next/static/chunks/node_modules_next_dist_compiled_react-dom_058-ah~._.js:9534:71)
    at performWorkOnRoot (http://localhost:3000/_next/static/chunks/node_modules_next_dist_compiled_react-dom_058-ah~._.js:9061:150)
    at performWorkOnRootViaSchedulerTask (http://localhost:3000/_next/static/chunks/node_modules_next_dist_compiled_react-dom_058-ah~._.js:10255:9)
    at MessagePort.performWorkUntilDeadline (http://localhost:3000/_next/static/chunks/node_modules_next_dist_compiled_0rpq4pf._.js:2647:64)
[     729ms] [WARNING] Image with src "https://res.cloudinary.com/dw2yuqjrr/image/upload/v1774992564/tissu/tissu_large_02.jpg" has "fill" but is missing "sizes" prop. Please add it to improve page performance. Read more: https://nextjs.org/docs/api-reference/next/image#sizes @ http://localhost:3000/_next/static/chunks/node_modules_next_dist_115brz8._.js:2431
[     729ms] [WARNING] Image with src "https://res.cloudinary.com/dw2yuqjrr/image/upload/v1774992567/tissu/tissu_large_06.jpg" has "fill" but is missing "sizes" prop. Please add it to improve page performance. Read more: https://nextjs.org/docs/api-reference/next/image#sizes @ http://localhost:3000/_next/static/chunks/node_modules_next_dist_115brz8._.js:2431
[     732ms] [WARNING] Image with src "https://res.cloudinary.com/dw2yuqjrr/image/upload/v1774992568/tissu/tissu_large_07.jpg" has "fill" but is missing "sizes" prop. Please add it to improve page performance. Read more: https://nextjs.org/docs/api-reference/next/image#sizes @ http://localhost:3000/_next/static/chunks/node_modules_next_dist_115brz8._.js:2431
[     732ms] [WARNING] Image with src "https://res.cloudinary.com/dw2yuqjrr/image/upload/v1774992481/tissu/product_101_front_20260327133715.jpg" has "fill" but is missing "sizes" prop. Please add it to improve page performance. Read more: https://nextjs.org/docs/api-reference/next/image#sizes @ http://localhost:3000/_next/static/chunks/node_modules_next_dist_115brz8._.js:2431
[     934ms] [LOG] [Fast Refresh] rebuilding @ http://localhost:3000/_next/static/chunks/node_modules_next_dist_115brz8._.js:2431
[     954ms] [LOG] [Fast Refresh] done in 121ms @ http://localhost:3000/_next/static/chunks/node_modules_next_dist_115brz8._.js:2431
[  617451ms] [LOG] [Fast Refresh] rebuilding @ http://localhost:3000/_next/static/chunks/node_modules_next_dist_115brz8._.js:2431
[  617959ms] [LOG] [Fast Refresh] done in 505ms @ http://localhost:3000/_next/static/chunks/node_modules_next_dist_115brz8._.js:2431
