[     287ms] [LOG] [Fast Refresh] rebuilding @ http://localhost:3000/_next/static/chunks/node_modules_next_dist_115brz8._.js:2431
[     312ms] [LOG] [Fast Refresh] done in 128ms @ http://localhost:3000/_next/static/chunks/node_modules_next_dist_115brz8._.js:2431
[    1149ms] [INFO] %cDownload the React DevTools for a better development experience: https://react.dev/link/react-devtools font-weight:bold @ http://localhost:3000/_next/static/chunks/node_modules_next_dist_115brz8._.js:2431
[    1184ms] [LOG] [HMR] connected @ http://localhost:3000/_next/static/chunks/node_modules_next_dist_115brz8._.js:2431
[    5018ms] [LOG] [Fast Refresh] rebuilding @ http://localhost:3000/_next/static/chunks/node_modules_next_dist_115brz8._.js:2431
[    5036ms] [LOG] [Fast Refresh] done in 120ms @ http://localhost:3000/_next/static/chunks/node_modules_next_dist_115brz8._.js:2431
[  736573ms] [LOG] [Fast Refresh] rebuilding @ http://localhost:3000/_next/static/chunks/node_modules_next_dist_115brz8._.js:2431
[  736785ms] ReferenceError: CAT_ICONS is not defined
    at eval (http://localhost:3000/_next/static/chunks/_0teuz1l._.js?id=%255Bproject%255D%252Fsrc%252Fapp%252F%255Blang%255D%252Fshop%252FShopClient.tsx+%255Bapp-client%255D+%2528ecmascript%2529:1475:45)
    at Array.map (<anonymous>)
    at ShopClient (http://localhost:3000/_next/static/chunks/_0teuz1l._.js?id=%255Bproject%255D%252Fsrc%252Fapp%252F%255Blang%255D%252Fshop%252FShopClient.tsx+%255Bapp-client%255D+%2528ecmascript%2529:1461:48)
    at Object.react_stack_bottom_frame (http://localhost:3000/_next/static/chunks/node_modules_next_dist_compiled_react-dom_058-ah~._.js:15037:24)
    at renderWithHooks (http://localhost:3000/_next/static/chunks/node_modules_next_dist_compiled_react-dom_058-ah~._.js:4620:24)
    at updateFunctionComponent (http://localhost:3000/_next/static/chunks/node_modules_next_dist_compiled_react-dom_058-ah~._.js:6081:21)
    at beginWork (http://localhost:3000/_next/static/chunks/node_modules_next_dist_compiled_react-dom_058-ah~._.js:6691:24)
    at runWithFiberInDEV (http://localhost:3000/_next/static/chunks/node_modules_next_dist_compiled_react-dom_058-ah~._.js:965:74)
    at performUnitOfWork (http://localhost:3000/_next/static/chunks/node_modules_next_dist_compiled_react-dom_058-ah~._.js:9555:97)
    at workLoopSync (http://localhost:3000/_next/static/chunks/node_modules_next_dist_compiled_react-dom_058-ah~._.js:9449:40)
    at renderRootSync (http://localhost:3000/_next/static/chunks/node_modules_next_dist_compiled_react-dom_058-ah~._.js:9433:13)
    at performWorkOnRoot (http://localhost:3000/_next/static/chunks/node_modules_next_dist_compiled_react-dom_058-ah~._.js:9098:47)
    at performSyncWorkOnRoot (http://localhost:3000/_next/static/chunks/node_modules_next_dist_compiled_react-dom_058-ah~._.js:10263:9)
    at flushSyncWorkAcrossRoots_impl (http://localhost:3000/_next/static/chunks/node_modules_next_dist_compiled_react-dom_058-ah~._.js:10179:316)
    at flushSyncWork$1 (http://localhost:3000/_next/static/chunks/node_modules_next_dist_compiled_react-dom_058-ah~._.js:9230:86)
    at Object.scheduleRefresh (http://localhost:3000/_next/static/chunks/node_modules_next_dist_compiled_react-dom_058-ah~._.js:299:13)
    at http://localhost:3000/_next/static/chunks/node_modules_next_dist_compiled_0rpq4pf._.js:391:33
    at Set.forEach (<anonymous>)
    at Object.performReactRefresh (http://localhost:3000/_next/static/chunks/node_modules_next_dist_compiled_0rpq4pf._.js:384:38)
    at applyUpdate (http://localhost:3000/_next/static/chunks/node_modules_next_dist_compiled_0rpq4pf._.js:878:31)
    at http://localhost:3000/_next/static/chunks/node_modules_next_dist_compiled_0rpq4pf._.js:886:13
[  736689ms] [LOG] [Fast Refresh] done in 158ms @ http://localhost:3000/_next/static/chunks/node_modules_next_dist_115brz8._.js:2431
[  745545ms] [LOG] [Fast Refresh] rebuilding @ http://localhost:3000/_next/static/chunks/node_modules_next_dist_115brz8._.js:2431
[  745705ms] [WARNING] [Fast Refresh] performing full reload because your application had an unrecoverable error @ http://localhost:3000/_next/static/chunks/node_modules_next_dist_115brz8._.js:2431
[  745959ms] ReferenceError: CAT_ICONS is not defined
    at eval (http://localhost:3000/_next/static/chunks/_0teuz1l._.js?id=%255Bproject%255D%252Fsrc%252Fapp%252F%255Blang%255D%252Fshop%252FShopClient.tsx+%255Bapp-client%255D+%2528ecmascript%2529:1512:45)
    at Array.map (<anonymous>)
    at ShopClient (http://localhost:3000/_next/static/chunks/_0teuz1l._.js?id=%255Bproject%255D%252Fsrc%252Fapp%252F%255Blang%255D%252Fshop%252FShopClient.tsx+%255Bapp-client%255D+%2528ecmascript%2529:1498:48)
    at Object.react_stack_bottom_frame (http://localhost:3000/_next/static/chunks/node_modules_next_dist_compiled_react-dom_058-ah~._.js:15037:24)
    at renderWithHooks (http://localhost:3000/_next/static/chunks/node_modules_next_dist_compiled_react-dom_058-ah~._.js:4620:24)
    at updateFunctionComponent (http://localhost:3000/_next/static/chunks/node_modules_next_dist_compiled_react-dom_058-ah~._.js:6081:21)
    at beginWork (http://localhost:3000/_next/static/chunks/node_modules_next_dist_compiled_react-dom_058-ah~._.js:6665:639)
    at runWithFiberInDEV (http://localhost:3000/_next/static/chunks/node_modules_next_dist_compiled_react-dom_058-ah~._.js:965:74)
    at performUnitOfWork (http://localhost:3000/_next/static/chunks/node_modules_next_dist_compiled_react-dom_058-ah~._.js:9555:97)
    at workLoopSync (http://localhost:3000/_next/static/chunks/node_modules_next_dist_compiled_react-dom_058-ah~._.js:9449:40)
    at renderRootSync (http://localhost:3000/_next/static/chunks/node_modules_next_dist_compiled_react-dom_058-ah~._.js:9433:13)
    at performWorkOnRoot (http://localhost:3000/_next/static/chunks/node_modules_next_dist_compiled_react-dom_058-ah~._.js:9098:47)
    at performSyncWorkOnRoot (http://localhost:3000/_next/static/chunks/node_modules_next_dist_compiled_react-dom_058-ah~._.js:10263:9)
    at flushSyncWorkAcrossRoots_impl (http://localhost:3000/_next/static/chunks/node_modules_next_dist_compiled_react-dom_058-ah~._.js:10179:316)
    at flushSyncWork$1 (http://localhost:3000/_next/static/chunks/node_modules_next_dist_compiled_react-dom_058-ah~._.js:9230:86)
    at Object.scheduleRefresh (http://localhost:3000/_next/static/chunks/node_modules_next_dist_compiled_react-dom_058-ah~._.js:299:13)
    at http://localhost:3000/_next/static/chunks/node_modules_next_dist_compiled_0rpq4pf._.js:391:33
    at Set.forEach (<anonymous>)
    at Object.performReactRefresh (http://localhost:3000/_next/static/chunks/node_modules_next_dist_compiled_0rpq4pf._.js:384:38)
    at applyUpdate (http://localhost:3000/_next/static/chunks/node_modules_next_dist_compiled_0rpq4pf._.js:878:31)
    at http://localhost:3000/_next/static/chunks/node_modules_next_dist_compiled_0rpq4pf._.js:886:13
[  745798ms] [LOG] [Fast Refresh] done in 255ms @ http://localhost:3000/_next/static/chunks/node_modules_next_dist_115brz8._.js:2431
[  746401ms] [LOG] [Fast Refresh] rebuilding @ http://localhost:3000/_next/static/chunks/node_modules_next_dist_115brz8._.js:2431
[  746497ms] [LOG] [Fast Refresh] done in 197ms @ http://localhost:3000/_next/static/chunks/node_modules_next_dist_115brz8._.js:2431
[  746842ms] [INFO] %cDownload the React DevTools for a better development experience: https://react.dev/link/react-devtools font-weight:bold @ http://localhost:3000/_next/static/chunks/node_modules_next_dist_115brz8._.js:2431
[  746907ms] [LOG] [HMR] connected @ http://localhost:3000/_next/static/chunks/node_modules_next_dist_115brz8._.js:2431
[  747134ms] ReferenceError: CAT_ICONS is not defined
    at http://localhost:3000/_next/static/chunks/_0teuz1l._.js:1513:45
    at Array.map (<anonymous>)
    at ShopClient (http://localhost:3000/_next/static/chunks/_0teuz1l._.js:1499:48)
    at Object.react_stack_bottom_frame (http://localhost:3000/_next/static/chunks/node_modules_next_dist_compiled_react-dom_058-ah~._.js:15037:24)
    at renderWithHooks (http://localhost:3000/_next/static/chunks/node_modules_next_dist_compiled_react-dom_058-ah~._.js:4620:24)
    at updateFunctionComponent (http://localhost:3000/_next/static/chunks/node_modules_next_dist_compiled_react-dom_058-ah~._.js:6081:21)
    at beginWork (http://localhost:3000/_next/static/chunks/node_modules_next_dist_compiled_react-dom_058-ah~._.js:6665:639)
    at runWithFiberInDEV (http://localhost:3000/_next/static/chunks/node_modules_next_dist_compiled_react-dom_058-ah~._.js:965:74)
    at performUnitOfWork (http://localhost:3000/_next/static/chunks/node_modules_next_dist_compiled_react-dom_058-ah~._.js:9555:97)
    at workLoopConcurrentByScheduler (http://localhost:3000/_next/static/chunks/node_modules_next_dist_compiled_react-dom_058-ah~._.js:9551:58)
    at renderRootConcurrent (http://localhost:3000/_next/static/chunks/node_modules_next_dist_compiled_react-dom_058-ah~._.js:9534:71)
    at performWorkOnRoot (http://localhost:3000/_next/static/chunks/node_modules_next_dist_compiled_react-dom_058-ah~._.js:9061:150)
    at performWorkOnRootViaSchedulerTask (http://localhost:3000/_next/static/chunks/node_modules_next_dist_compiled_react-dom_058-ah~._.js:10255:9)
    at MessagePort.performWorkUntilDeadline (http://localhost:3000/_next/static/chunks/node_modules_next_dist_compiled_0rpq4pf._.js:2647:64)
[  786657ms] [LOG] [Fast Refresh] rebuilding @ http://localhost:3000/_next/static/chunks/node_modules_next_dist_115brz8._.js:2431
[  786754ms] [WARNING] [Fast Refresh] performing full reload because your application had an unrecoverable error @ http://localhost:3000/_next/static/chunks/node_modules_next_dist_115brz8._.js:2431
[  786759ms] [LOG] [Fast Refresh] done in 195ms @ http://localhost:3000/_next/static/chunks/node_modules_next_dist_115brz8._.js:2431
[  787414ms] [INFO] %cDownload the React DevTools for a better development experience: https://react.dev/link/react-devtools font-weight:bold @ http://localhost:3000/_next/static/chunks/node_modules_next_dist_115brz8._.js:2431
[  787470ms] [LOG] [HMR] connected @ http://localhost:3000/_next/static/chunks/node_modules_next_dist_115brz8._.js:2431
[  787697ms] Error: Switched to client rendering because the server rendering errored:

CAT_ICONS is not defined
    at /Users/giokhukhia/Desktop/tissu webpage/.next/dev/server/chunks/ssr/src_app_[lang]_shop_ShopClient_tsx_0ox26hn._.js:1730:45
    at Array.map (<anonymous>)
    at ShopClient (/Users/giokhukhia/Desktop/tissu webpage/.next/dev/server/chunks/ssr/src_app_[lang]_shop_ShopClient_tsx_0ox26hn._.js:1716:48)
    at Object.react_stack_bottom_frame (/Users/giokhukhia/Desktop/tissu webpage/node_modules/next/dist/compiled/next-server/app-page-turbo.runtime.dev.js:2:311311)
    at renderWithHooks (/Users/giokhukhia/Desktop/tissu webpage/node_modules/next/dist/compiled/next-server/app-page-turbo.runtime.dev.js:2:118339)
    at renderElement (/Users/giokhukhia/Desktop/tissu webpage/node_modules/next/dist/compiled/next-server/app-page-turbo.runtime.dev.js:2:133011)
    at renderElement (/Users/giokhukhia/Desktop/tissu webpage/node_modules/next/dist/compiled/next-server/app-page-turbo.runtime.dev.js:2:194974)
    at retryNode (/Users/giokhukhia/Desktop/tissu webpage/node_modules/next/dist/compiled/next-server/app-page-turbo.runtime.dev.js:2:201940)
    at renderNodeDestructive (/Users/giokhukhia/Desktop/tissu webpage/node_modules/next/dist/compiled/next-server/app-page-turbo.runtime.dev.js:2:201175)
    at renderNode (/Users/giokhukhia/Desktop/tissu webpage/node_modules/next/dist/compiled/next-server/app-page-turbo.runtime.dev.js:2:213093)
    at renderElement (/Users/giokhukhia/Desktop/tissu webpage/node_modules/next/dist/compiled/next-server/app-page-turbo.runtime.dev.js:2:190130)
    at retryNode (/Users/giokhukhia/Desktop/tissu webpage/node_modules/next/dist/compiled/next-server/app-page-turbo.runtime.dev.js:2:201940)
    at renderNodeDestructive (/Users/giokhukhia/Desktop/tissu webpage/node_modules/next/dist/compiled/next-server/app-page-turbo.runtime.dev.js:2:201175)
    at retryNode (/Users/giokhukhia/Desktop/tissu webpage/node_modules/next/dist/compiled/next-server/app-page-turbo.runtime.dev.js:2:202325)
    at performWork (/Users/giokhukhia/Desktop/tissu webpage/node_modules/next/dist/compiled/next-server/app-page-turbo.runtime.dev.js:2:223847)
    at /Users/giokhukhia/Desktop/tissu webpage/node_modules/next/dist/compiled/next-server/app-page-turbo.runtime.dev.js:2:103213
    at node:internal/process/task_queues:151:7
    at AsyncResource.runInAsyncScope (node:async_hooks:214:14)
    at AsyncResource.runMicrotask (node:internal/process/task_queues:148:8)
    at runNextTicks (node:internal/process/task_queues:65:5)
    at process.processImmediate (node:internal/timers:453:9)
    at process.callbackTrampoline (node:internal/async_hooks:130:17)
[  787793ms] ReferenceError: CAT_ICONS is not defined
    at http://localhost:3000/_next/static/chunks/src_app_%5Blang%5D_shop_ShopClient_tsx_0mvjcd1._.js:1751:45
    at Array.map (<anonymous>)
    at ShopClient (http://localhost:3000/_next/static/chunks/src_app_%5Blang%5D_shop_ShopClient_tsx_0mvjcd1._.js:1737:48)
    at Object.react_stack_bottom_frame (http://localhost:3000/_next/static/chunks/node_modules_next_dist_compiled_react-dom_058-ah~._.js:15037:24)
    at renderWithHooks (http://localhost:3000/_next/static/chunks/node_modules_next_dist_compiled_react-dom_058-ah~._.js:4620:24)
    at updateFunctionComponent (http://localhost:3000/_next/static/chunks/node_modules_next_dist_compiled_react-dom_058-ah~._.js:6081:21)
    at beginWork (http://localhost:3000/_next/static/chunks/node_modules_next_dist_compiled_react-dom_058-ah~._.js:6665:639)
    at runWithFiberInDEV (http://localhost:3000/_next/static/chunks/node_modules_next_dist_compiled_react-dom_058-ah~._.js:965:74)
    at performUnitOfWork (http://localhost:3000/_next/static/chunks/node_modules_next_dist_compiled_react-dom_058-ah~._.js:9555:97)
    at workLoopSync (http://localhost:3000/_next/static/chunks/node_modules_next_dist_compiled_react-dom_058-ah~._.js:9449:40)
    at renderRootSync (http://localhost:3000/_next/static/chunks/node_modules_next_dist_compiled_react-dom_058-ah~._.js:9433:13)
    at performWorkOnRoot (http://localhost:3000/_next/static/chunks/node_modules_next_dist_compiled_react-dom_058-ah~._.js:9098:47)
    at performWorkOnRootViaSchedulerTask (http://localhost:3000/_next/static/chunks/node_modules_next_dist_compiled_react-dom_058-ah~._.js:10255:9)
    at MessagePort.performWorkUntilDeadline (http://localhost:3000/_next/static/chunks/node_modules_next_dist_compiled_0rpq4pf._.js:2647:64)
[  787879ms] [LOG] [Fast Refresh] rebuilding @ http://localhost:3000/_next/static/chunks/node_modules_next_dist_115brz8._.js:2431
[  788186ms] [LOG] [Fast Refresh] done in 408ms @ http://localhost:3000/_next/static/chunks/node_modules_next_dist_115brz8._.js:2431
[  788295ms] [LOG] [Fast Refresh] rebuilding @ http://localhost:3000/_next/static/chunks/node_modules_next_dist_115brz8._.js:2431
[  788370ms] [LOG] [Fast Refresh] done in 176ms @ http://localhost:3000/_next/static/chunks/node_modules_next_dist_115brz8._.js:2431
[  801455ms] [LOG] [Fast Refresh] rebuilding @ http://localhost:3000/_next/static/chunks/node_modules_next_dist_115brz8._.js:2431
[  801778ms] [WARNING] [Fast Refresh] performing full reload because your application had an unrecoverable error @ http://localhost:3000/_next/static/chunks/node_modules_next_dist_115brz8._.js:2431
[  801787ms] [LOG] [Fast Refresh] done in 416ms @ http://localhost:3000/_next/static/chunks/node_modules_next_dist_115brz8._.js:2431
[  802374ms] [INFO] %cDownload the React DevTools for a better development experience: https://react.dev/link/react-devtools font-weight:bold @ http://localhost:3000/_next/static/chunks/node_modules_next_dist_115brz8._.js:2431
[  802403ms] [LOG] [HMR] connected @ http://localhost:3000/_next/static/chunks/node_modules_next_dist_115brz8._.js:2431
[  802633ms] Error: Switched to client rendering because the server rendering errored:

CAT_ICONS is not defined
    at eval (file:///Users/giokhukhia/Desktop/tissu%20webpage/.next/dev/server/chunks/ssr/src_app_%5Blang%5D_shop_ShopClient_tsx_0ox26hn._.js?id=%5Bproject%5D%2Fsrc%2Fapp%2F%5Blang%5D%2Fshop%2FShopClient.tsx+%5Bapp-ssr%5D+%28ecmascript%29:1753:45)
    at Array.map (<anonymous>)
    at ShopClient (file:///Users/giokhukhia/Desktop/tissu%20webpage/.next/dev/server/chunks/ssr/src_app_%5Blang%5D_shop_ShopClient_tsx_0ox26hn._.js?id=%5Bproject%5D%2Fsrc%2Fapp%2F%5Blang%5D%2Fshop%2FShopClient.tsx+%5Bapp-ssr%5D+%28ecmascript%29:1739:48)
    at Object.react_stack_bottom_frame (/Users/giokhukhia/Desktop/tissu webpage/node_modules/next/dist/compiled/next-server/app-page-turbo.runtime.dev.js:2:311311)
    at renderWithHooks (/Users/giokhukhia/Desktop/tissu webpage/node_modules/next/dist/compiled/next-server/app-page-turbo.runtime.dev.js:2:118339)
    at renderElement (/Users/giokhukhia/Desktop/tissu webpage/node_modules/next/dist/compiled/next-server/app-page-turbo.runtime.dev.js:2:133011)
    at renderElement (/Users/giokhukhia/Desktop/tissu webpage/node_modules/next/dist/compiled/next-server/app-page-turbo.runtime.dev.js:2:194974)
    at retryNode (/Users/giokhukhia/Desktop/tissu webpage/node_modules/next/dist/compiled/next-server/app-page-turbo.runtime.dev.js:2:201940)
    at renderNodeDestructive (/Users/giokhukhia/Desktop/tissu webpage/node_modules/next/dist/compiled/next-server/app-page-turbo.runtime.dev.js:2:201175)
    at renderNode (/Users/giokhukhia/Desktop/tissu webpage/node_modules/next/dist/compiled/next-server/app-page-turbo.runtime.dev.js:2:213093)
    at renderElement (/Users/giokhukhia/Desktop/tissu webpage/node_modules/next/dist/compiled/next-server/app-page-turbo.runtime.dev.js:2:190130)
    at retryNode (/Users/giokhukhia/Desktop/tissu webpage/node_modules/next/dist/compiled/next-server/app-page-turbo.runtime.dev.js:2:201940)
    at renderNodeDestructive (/Users/giokhukhia/Desktop/tissu webpage/node_modules/next/dist/compiled/next-server/app-page-turbo.runtime.dev.js:2:201175)
    at retryNode (/Users/giokhukhia/Desktop/tissu webpage/node_modules/next/dist/compiled/next-server/app-page-turbo.runtime.dev.js:2:202325)
    at performWork (/Users/giokhukhia/Desktop/tissu webpage/node_modules/next/dist/compiled/next-server/app-page-turbo.runtime.dev.js:2:223847)
    at /Users/giokhukhia/Desktop/tissu webpage/node_modules/next/dist/compiled/next-server/app-page-turbo.runtime.dev.js:2:103213
    at node:internal/process/task_queues:151:7
    at AsyncResource.runInAsyncScope (node:async_hooks:214:14)
    at AsyncResource.runMicrotask (node:internal/process/task_queues:148:8)
    at runNextTicks (node:internal/process/task_queues:65:5)
    at process.processImmediate (node:internal/timers:453:9)
    at process.callbackTrampoline (node:internal/async_hooks:130:17)
[  802634ms] ReferenceError: CAT_ICONS is not defined
    at http://localhost:3000/_next/static/chunks/src_app_%5Blang%5D_shop_ShopClient_tsx_0mvjcd1._.js:1775:45
    at Array.map (<anonymous>)
    at ShopClient (http://localhost:3000/_next/static/chunks/src_app_%5Blang%5D_shop_ShopClient_tsx_0mvjcd1._.js:1761:48)
    at Object.react_stack_bottom_frame (http://localhost:3000/_next/static/chunks/node_modules_next_dist_compiled_react-dom_058-ah~._.js:15037:24)
    at renderWithHooks (http://localhost:3000/_next/static/chunks/node_modules_next_dist_compiled_react-dom_058-ah~._.js:4620:24)
    at updateFunctionComponent (http://localhost:3000/_next/static/chunks/node_modules_next_dist_compiled_react-dom_058-ah~._.js:6081:21)
    at beginWork (http://localhost:3000/_next/static/chunks/node_modules_next_dist_compiled_react-dom_058-ah~._.js:6665:639)
    at runWithFiberInDEV (http://localhost:3000/_next/static/chunks/node_modules_next_dist_compiled_react-dom_058-ah~._.js:965:74)
    at performUnitOfWork (http://localhost:3000/_next/static/chunks/node_modules_next_dist_compiled_react-dom_058-ah~._.js:9555:97)
    at workLoopSync (http://localhost:3000/_next/static/chunks/node_modules_next_dist_compiled_react-dom_058-ah~._.js:9449:40)
    at renderRootSync (http://localhost:3000/_next/static/chunks/node_modules_next_dist_compiled_react-dom_058-ah~._.js:9433:13)
    at performWorkOnRoot (http://localhost:3000/_next/static/chunks/node_modules_next_dist_compiled_react-dom_058-ah~._.js:9098:47)
    at performWorkOnRootViaSchedulerTask (http://localhost:3000/_next/static/chunks/node_modules_next_dist_compiled_react-dom_058-ah~._.js:10255:9)
    at MessagePort.performWorkUntilDeadline (http://localhost:3000/_next/static/chunks/node_modules_next_dist_compiled_0rpq4pf._.js:2647:64)
[  816279ms] [LOG] [Fast Refresh] rebuilding @ http://localhost:3000/_next/static/chunks/node_modules_next_dist_115brz8._.js:2431
[  816289ms] [WARNING] [Fast Refresh] performing full reload because your application had an unrecoverable error @ http://localhost:3000/_next/static/chunks/node_modules_next_dist_115brz8._.js:2431
[  816302ms] [LOG] [Fast Refresh] done in 112ms @ http://localhost:3000/_next/static/chunks/node_modules_next_dist_115brz8._.js:2431
[  816698ms] [INFO] %cDownload the React DevTools for a better development experience: https://react.dev/link/react-devtools font-weight:bold @ http://localhost:3000/_next/static/chunks/node_modules_next_dist_115brz8._.js:2431
[  816719ms] [LOG] [HMR] connected @ http://localhost:3000/_next/static/chunks/node_modules_next_dist_115brz8._.js:2431
[  816854ms] Error: Switched to client rendering because the server rendering errored:

CAT_ICONS is not defined
    at eval (file:///Users/giokhukhia/Desktop/tissu%20webpage/.next/dev/server/chunks/ssr/src_app_%5Blang%5D_shop_ShopClient_tsx_0ox26hn._.js?id=%5Bproject%5D%2Fsrc%2Fapp%2F%5Blang%5D%2Fshop%2FShopClient.tsx+%5Bapp-ssr%5D+%28ecmascript%29:1754:45)
    at Array.map (<anonymous>)
    at ShopClient (file:///Users/giokhukhia/Desktop/tissu%20webpage/.next/dev/server/chunks/ssr/src_app_%5Blang%5D_shop_ShopClient_tsx_0ox26hn._.js?id=%5Bproject%5D%2Fsrc%2Fapp%2F%5Blang%5D%2Fshop%2FShopClient.tsx+%5Bapp-ssr%5D+%28ecmascript%29:1740:48)
    at Object.react_stack_bottom_frame (/Users/giokhukhia/Desktop/tissu webpage/node_modules/next/dist/compiled/next-server/app-page-turbo.runtime.dev.js:2:311311)
    at renderWithHooks (/Users/giokhukhia/Desktop/tissu webpage/node_modules/next/dist/compiled/next-server/app-page-turbo.runtime.dev.js:2:118339)
    at renderElement (/Users/giokhukhia/Desktop/tissu webpage/node_modules/next/dist/compiled/next-server/app-page-turbo.runtime.dev.js:2:133011)
    at renderElement (/Users/giokhukhia/Desktop/tissu webpage/node_modules/next/dist/compiled/next-server/app-page-turbo.runtime.dev.js:2:194974)
    at retryNode (/Users/giokhukhia/Desktop/tissu webpage/node_modules/next/dist/compiled/next-server/app-page-turbo.runtime.dev.js:2:201940)
    at renderNodeDestructive (/Users/giokhukhia/Desktop/tissu webpage/node_modules/next/dist/compiled/next-server/app-page-turbo.runtime.dev.js:2:201175)
    at renderNode (/Users/giokhukhia/Desktop/tissu webpage/node_modules/next/dist/compiled/next-server/app-page-turbo.runtime.dev.js:2:213093)
    at renderElement (/Users/giokhukhia/Desktop/tissu webpage/node_modules/next/dist/compiled/next-server/app-page-turbo.runtime.dev.js:2:190130)
    at retryNode (/Users/giokhukhia/Desktop/tissu webpage/node_modules/next/dist/compiled/next-server/app-page-turbo.runtime.dev.js:2:201940)
    at renderNodeDestructive (/Users/giokhukhia/Desktop/tissu webpage/node_modules/next/dist/compiled/next-server/app-page-turbo.runtime.dev.js:2:201175)
    at retryNode (/Users/giokhukhia/Desktop/tissu webpage/node_modules/next/dist/compiled/next-server/app-page-turbo.runtime.dev.js:2:202325)
    at performWork (/Users/giokhukhia/Desktop/tissu webpage/node_modules/next/dist/compiled/next-server/app-page-turbo.runtime.dev.js:2:223847)
    at /Users/giokhukhia/Desktop/tissu webpage/node_modules/next/dist/compiled/next-server/app-page-turbo.runtime.dev.js:2:103213
    at node:internal/process/task_queues:151:7
    at AsyncResource.runInAsyncScope (node:async_hooks:214:14)
    at AsyncResource.runMicrotask (node:internal/process/task_queues:148:8)
    at runNextTicks (node:internal/process/task_queues:65:5)
    at process.processImmediate (node:internal/timers:453:9)
    at process.callbackTrampoline (node:internal/async_hooks:130:17)
[  817358ms] ReferenceError: CAT_ICONS is not defined
    at http://localhost:3000/_next/static/chunks/src_app_%5Blang%5D_shop_ShopClient_tsx_0mvjcd1._.js:1776:45
    at Array.map (<anonymous>)
    at ShopClient (http://localhost:3000/_next/static/chunks/src_app_%5Blang%5D_shop_ShopClient_tsx_0mvjcd1._.js:1762:48)
    at Object.react_stack_bottom_frame (http://localhost:3000/_next/static/chunks/node_modules_next_dist_compiled_react-dom_058-ah~._.js:15037:24)
    at renderWithHooks (http://localhost:3000/_next/static/chunks/node_modules_next_dist_compiled_react-dom_058-ah~._.js:4620:24)
    at updateFunctionComponent (http://localhost:3000/_next/static/chunks/node_modules_next_dist_compiled_react-dom_058-ah~._.js:6081:21)
    at beginWork (http://localhost:3000/_next/static/chunks/node_modules_next_dist_compiled_react-dom_058-ah~._.js:6665:639)
    at runWithFiberInDEV (http://localhost:3000/_next/static/chunks/node_modules_next_dist_compiled_react-dom_058-ah~._.js:965:74)
    at performUnitOfWork (http://localhost:3000/_next/static/chunks/node_modules_next_dist_compiled_react-dom_058-ah~._.js:9555:97)
    at workLoopSync (http://localhost:3000/_next/static/chunks/node_modules_next_dist_compiled_react-dom_058-ah~._.js:9449:40)
    at renderRootSync (http://localhost:3000/_next/static/chunks/node_modules_next_dist_compiled_react-dom_058-ah~._.js:9433:13)
    at performWorkOnRoot (http://localhost:3000/_next/static/chunks/node_modules_next_dist_compiled_react-dom_058-ah~._.js:9098:47)
    at performWorkOnRootViaSchedulerTask (http://localhost:3000/_next/static/chunks/node_modules_next_dist_compiled_react-dom_058-ah~._.js:10255:9)
    at MessagePort.performWorkUntilDeadline (http://localhost:3000/_next/static/chunks/node_modules_next_dist_compiled_0rpq4pf._.js:2647:64)
[  833613ms] [LOG] [Fast Refresh] rebuilding @ http://localhost:3000/_next/static/chunks/node_modules_next_dist_115brz8._.js:2431
[  833620ms] [WARNING] [Fast Refresh] performing full reload because your application had an unrecoverable error @ http://localhost:3000/_next/static/chunks/node_modules_next_dist_115brz8._.js:2431
[  833630ms] [LOG] [Fast Refresh] done in 95ms @ http://localhost:3000/_next/static/chunks/node_modules_next_dist_115brz8._.js:2431
[  833907ms] [INFO] %cDownload the React DevTools for a better development experience: https://react.dev/link/react-devtools font-weight:bold @ http://localhost:3000/_next/static/chunks/node_modules_next_dist_115brz8._.js:2431
[  833936ms] [LOG] [HMR] connected @ http://localhost:3000/_next/static/chunks/node_modules_next_dist_115brz8._.js:2431
[  834063ms] Error: Switched to client rendering because the server rendering errored:

CAT_ICONS is not defined
    at eval (file:///Users/giokhukhia/Desktop/tissu%20webpage/.next/dev/server/chunks/ssr/src_app_%5Blang%5D_shop_ShopClient_tsx_0ox26hn._.js?id=%5Bproject%5D%2Fsrc%2Fapp%2F%5Blang%5D%2Fshop%2FShopClient.tsx+%5Bapp-ssr%5D+%28ecmascript%29:1754:45)
    at Array.map (<anonymous>)
    at ShopClient (file:///Users/giokhukhia/Desktop/tissu%20webpage/.next/dev/server/chunks/ssr/src_app_%5Blang%5D_shop_ShopClient_tsx_0ox26hn._.js?id=%5Bproject%5D%2Fsrc%2Fapp%2F%5Blang%5D%2Fshop%2FShopClient.tsx+%5Bapp-ssr%5D+%28ecmascript%29:1740:48)
    at Object.react_stack_bottom_frame (/Users/giokhukhia/Desktop/tissu webpage/node_modules/next/dist/compiled/next-server/app-page-turbo.runtime.dev.js:2:311311)
    at renderWithHooks (/Users/giokhukhia/Desktop/tissu webpage/node_modules/next/dist/compiled/next-server/app-page-turbo.runtime.dev.js:2:118339)
    at renderElement (/Users/giokhukhia/Desktop/tissu webpage/node_modules/next/dist/compiled/next-server/app-page-turbo.runtime.dev.js:2:133011)
    at renderElement (/Users/giokhukhia/Desktop/tissu webpage/node_modules/next/dist/compiled/next-server/app-page-turbo.runtime.dev.js:2:194974)
    at retryNode (/Users/giokhukhia/Desktop/tissu webpage/node_modules/next/dist/compiled/next-server/app-page-turbo.runtime.dev.js:2:201940)
    at renderNodeDestructive (/Users/giokhukhia/Desktop/tissu webpage/node_modules/next/dist/compiled/next-server/app-page-turbo.runtime.dev.js:2:201175)
    at renderNode (/Users/giokhukhia/Desktop/tissu webpage/node_modules/next/dist/compiled/next-server/app-page-turbo.runtime.dev.js:2:213093)
    at renderElement (/Users/giokhukhia/Desktop/tissu webpage/node_modules/next/dist/compiled/next-server/app-page-turbo.runtime.dev.js:2:190130)
    at retryNode (/Users/giokhukhia/Desktop/tissu webpage/node_modules/next/dist/compiled/next-server/app-page-turbo.runtime.dev.js:2:201940)
    at renderNodeDestructive (/Users/giokhukhia/Desktop/tissu webpage/node_modules/next/dist/compiled/next-server/app-page-turbo.runtime.dev.js:2:201175)
    at retryNode (/Users/giokhukhia/Desktop/tissu webpage/node_modules/next/dist/compiled/next-server/app-page-turbo.runtime.dev.js:2:202325)
    at performWork (/Users/giokhukhia/Desktop/tissu webpage/node_modules/next/dist/compiled/next-server/app-page-turbo.runtime.dev.js:2:223847)
    at /Users/giokhukhia/Desktop/tissu webpage/node_modules/next/dist/compiled/next-server/app-page-turbo.runtime.dev.js:2:103213
    at node:internal/process/task_queues:151:7
    at AsyncResource.runInAsyncScope (node:async_hooks:214:14)
    at AsyncResource.runMicrotask (node:internal/process/task_queues:148:8)
    at runNextTicks (node:internal/process/task_queues:65:5)
    at process.processImmediate (node:internal/timers:453:9)
    at process.callbackTrampoline (node:internal/async_hooks:130:17)
[  834064ms] ReferenceError: CAT_ICONS is not defined
    at http://localhost:3000/_next/static/chunks/src_app_%5Blang%5D_shop_ShopClient_tsx_0mvjcd1._.js:1776:45
    at Array.map (<anonymous>)
    at ShopClient (http://localhost:3000/_next/static/chunks/src_app_%5Blang%5D_shop_ShopClient_tsx_0mvjcd1._.js:1762:48)
    at Object.react_stack_bottom_frame (http://localhost:3000/_next/static/chunks/node_modules_next_dist_compiled_react-dom_058-ah~._.js:15037:24)
    at renderWithHooks (http://localhost:3000/_next/static/chunks/node_modules_next_dist_compiled_react-dom_058-ah~._.js:4620:24)
    at updateFunctionComponent (http://localhost:3000/_next/static/chunks/node_modules_next_dist_compiled_react-dom_058-ah~._.js:6081:21)
    at beginWork (http://localhost:3000/_next/static/chunks/node_modules_next_dist_compiled_react-dom_058-ah~._.js:6665:639)
    at runWithFiberInDEV (http://localhost:3000/_next/static/chunks/node_modules_next_dist_compiled_react-dom_058-ah~._.js:965:74)
    at performUnitOfWork (http://localhost:3000/_next/static/chunks/node_modules_next_dist_compiled_react-dom_058-ah~._.js:9555:97)
    at workLoopSync (http://localhost:3000/_next/static/chunks/node_modules_next_dist_compiled_react-dom_058-ah~._.js:9449:40)
    at renderRootSync (http://localhost:3000/_next/static/chunks/node_modules_next_dist_compiled_react-dom_058-ah~._.js:9433:13)
    at performWorkOnRoot (http://localhost:3000/_next/static/chunks/node_modules_next_dist_compiled_react-dom_058-ah~._.js:9098:47)
    at performWorkOnRootViaSchedulerTask (http://localhost:3000/_next/static/chunks/node_modules_next_dist_compiled_react-dom_058-ah~._.js:10255:9)
    at MessagePort.performWorkUntilDeadline (http://localhost:3000/_next/static/chunks/node_modules_next_dist_compiled_0rpq4pf._.js:2647:64)
[  834101ms] [LOG] [Fast Refresh] rebuilding @ http://localhost:3000/_next/static/chunks/node_modules_next_dist_115brz8._.js:2431
[  834374ms] [LOG] [Fast Refresh] done in 374ms @ http://localhost:3000/_next/static/chunks/node_modules_next_dist_115brz8._.js:2431
[  844976ms] [LOG] [Fast Refresh] rebuilding @ http://localhost:3000/_next/static/chunks/node_modules_next_dist_115brz8._.js:2431
[  845009ms] [WARNING] [Fast Refresh] performing full reload because your application had an unrecoverable error @ http://localhost:3000/_next/static/chunks/node_modules_next_dist_115brz8._.js:2431
[  845016ms] [LOG] [Fast Refresh] done in 130ms @ http://localhost:3000/_next/static/chunks/node_modules_next_dist_115brz8._.js:2431
[  845295ms] [LOG] [Fast Refresh] rebuilding @ http://localhost:3000/_next/static/chunks/node_modules_next_dist_115brz8._.js:2431
[  845327ms] [LOG] [Fast Refresh] done in 132ms @ http://localhost:3000/_next/static/chunks/node_modules_next_dist_115brz8._.js:2431
[  845471ms] [INFO] %cDownload the React DevTools for a better development experience: https://react.dev/link/react-devtools font-weight:bold @ http://localhost:3000/_next/static/chunks/node_modules_next_dist_115brz8._.js:2431
[  845504ms] [LOG] [HMR] connected @ http://localhost:3000/_next/static/chunks/node_modules_next_dist_115brz8._.js:2431
[  845653ms] Error: Switched to client rendering because the server rendering errored:

CAT_ICONS is not defined
    at eval (file:///Users/giokhukhia/Desktop/tissu%20webpage/.next/dev/server/chunks/ssr/src_app_%5Blang%5D_shop_ShopClient_tsx_0ox26hn._.js?id=%5Bproject%5D%2Fsrc%2Fapp%2F%5Blang%5D%2Fshop%2FShopClient.tsx+%5Bapp-ssr%5D+%28ecmascript%29:1755:45)
    at Array.map (<anonymous>)
    at ShopClient (file:///Users/giokhukhia/Desktop/tissu%20webpage/.next/dev/server/chunks/ssr/src_app_%5Blang%5D_shop_ShopClient_tsx_0ox26hn._.js?id=%5Bproject%5D%2Fsrc%2Fapp%2F%5Blang%5D%2Fshop%2FShopClient.tsx+%5Bapp-ssr%5D+%28ecmascript%29:1741:48)
    at Object.react_stack_bottom_frame (/Users/giokhukhia/Desktop/tissu webpage/node_modules/next/dist/compiled/next-server/app-page-turbo.runtime.dev.js:2:311311)
    at renderWithHooks (/Users/giokhukhia/Desktop/tissu webpage/node_modules/next/dist/compiled/next-server/app-page-turbo.runtime.dev.js:2:118339)
    at renderElement (/Users/giokhukhia/Desktop/tissu webpage/node_modules/next/dist/compiled/next-server/app-page-turbo.runtime.dev.js:2:133011)
    at renderElement (/Users/giokhukhia/Desktop/tissu webpage/node_modules/next/dist/compiled/next-server/app-page-turbo.runtime.dev.js:2:194974)
    at retryNode (/Users/giokhukhia/Desktop/tissu webpage/node_modules/next/dist/compiled/next-server/app-page-turbo.runtime.dev.js:2:201940)
    at renderNodeDestructive (/Users/giokhukhia/Desktop/tissu webpage/node_modules/next/dist/compiled/next-server/app-page-turbo.runtime.dev.js:2:201175)
    at renderNode (/Users/giokhukhia/Desktop/tissu webpage/node_modules/next/dist/compiled/next-server/app-page-turbo.runtime.dev.js:2:213093)
    at renderElement (/Users/giokhukhia/Desktop/tissu webpage/node_modules/next/dist/compiled/next-server/app-page-turbo.runtime.dev.js:2:190130)
    at retryNode (/Users/giokhukhia/Desktop/tissu webpage/node_modules/next/dist/compiled/next-server/app-page-turbo.runtime.dev.js:2:201940)
    at renderNodeDestructive (/Users/giokhukhia/Desktop/tissu webpage/node_modules/next/dist/compiled/next-server/app-page-turbo.runtime.dev.js:2:201175)
    at retryNode (/Users/giokhukhia/Desktop/tissu webpage/node_modules/next/dist/compiled/next-server/app-page-turbo.runtime.dev.js:2:202325)
    at performWork (/Users/giokhukhia/Desktop/tissu webpage/node_modules/next/dist/compiled/next-server/app-page-turbo.runtime.dev.js:2:223847)
    at /Users/giokhukhia/Desktop/tissu webpage/node_modules/next/dist/compiled/next-server/app-page-turbo.runtime.dev.js:2:103213
    at node:internal/process/task_queues:151:7
    at AsyncResource.runInAsyncScope (node:async_hooks:214:14)
    at AsyncResource.runMicrotask (node:internal/process/task_queues:148:8)
    at runNextTicks (node:internal/process/task_queues:65:5)
    at process.processImmediate (node:internal/timers:453:9)
    at process.callbackTrampoline (node:internal/async_hooks:130:17)
[  845654ms] ReferenceError: CAT_ICONS is not defined
    at http://localhost:3000/_next/static/chunks/src_app_%5Blang%5D_shop_ShopClient_tsx_0mvjcd1._.js:1777:45
    at Array.map (<anonymous>)
    at ShopClient (http://localhost:3000/_next/static/chunks/src_app_%5Blang%5D_shop_ShopClient_tsx_0mvjcd1._.js:1763:48)
    at Object.react_stack_bottom_frame (http://localhost:3000/_next/static/chunks/node_modules_next_dist_compiled_react-dom_058-ah~._.js:15037:24)
    at renderWithHooks (http://localhost:3000/_next/static/chunks/node_modules_next_dist_compiled_react-dom_058-ah~._.js:4620:24)
    at updateFunctionComponent (http://localhost:3000/_next/static/chunks/node_modules_next_dist_compiled_react-dom_058-ah~._.js:6081:21)
    at beginWork (http://localhost:3000/_next/static/chunks/node_modules_next_dist_compiled_react-dom_058-ah~._.js:6665:639)
    at runWithFiberInDEV (http://localhost:3000/_next/static/chunks/node_modules_next_dist_compiled_react-dom_058-ah~._.js:965:74)
    at performUnitOfWork (http://localhost:3000/_next/static/chunks/node_modules_next_dist_compiled_react-dom_058-ah~._.js:9555:97)
    at workLoopSync (http://localhost:3000/_next/static/chunks/node_modules_next_dist_compiled_react-dom_058-ah~._.js:9449:40)
    at renderRootSync (http://localhost:3000/_next/static/chunks/node_modules_next_dist_compiled_react-dom_058-ah~._.js:9433:13)
    at performWorkOnRoot (http://localhost:3000/_next/static/chunks/node_modules_next_dist_compiled_react-dom_058-ah~._.js:9098:47)
    at performWorkOnRootViaSchedulerTask (http://localhost:3000/_next/static/chunks/node_modules_next_dist_compiled_react-dom_058-ah~._.js:10255:9)
    at MessagePort.performWorkUntilDeadline (http://localhost:3000/_next/static/chunks/node_modules_next_dist_compiled_0rpq4pf._.js:2647:64)
[  845687ms] [LOG] [Fast Refresh] rebuilding @ http://localhost:3000/_next/static/chunks/node_modules_next_dist_115brz8._.js:2431
[  846203ms] [LOG] [Fast Refresh] done in 617ms @ http://localhost:3000/_next/static/chunks/node_modules_next_dist_115brz8._.js:2431
[  872632ms] [LOG] [Fast Refresh] rebuilding @ http://localhost:3000/_next/static/chunks/node_modules_next_dist_115brz8._.js:2431
[  872674ms] [WARNING] [Fast Refresh] performing full reload because your application had an unrecoverable error @ http://localhost:3000/_next/static/chunks/node_modules_next_dist_115brz8._.js:2431
[  872687ms] [LOG] [Fast Refresh] done in 142ms @ http://localhost:3000/_next/static/chunks/node_modules_next_dist_115brz8._.js:2431
[  873042ms] [INFO] %cDownload the React DevTools for a better development experience: https://react.dev/link/react-devtools font-weight:bold @ http://localhost:3000/_next/static/chunks/node_modules_next_dist_115brz8._.js:2431
[  873077ms] [LOG] [HMR] connected @ http://localhost:3000/_next/static/chunks/node_modules_next_dist_115brz8._.js:2431
[  873242ms] Error: Switched to client rendering because the server rendering errored:

CAT_ICONS is not defined
    at eval (file:///Users/giokhukhia/Desktop/tissu%20webpage/.next/dev/server/chunks/ssr/src_app_%5Blang%5D_shop_ShopClient_tsx_0ox26hn._.js?id=%5Bproject%5D%2Fsrc%2Fapp%2F%5Blang%5D%2Fshop%2FShopClient.tsx+%5Bapp-ssr%5D+%28ecmascript%29:1755:45)
    at Array.map (<anonymous>)
    at ShopClient (file:///Users/giokhukhia/Desktop/tissu%20webpage/.next/dev/server/chunks/ssr/src_app_%5Blang%5D_shop_ShopClient_tsx_0ox26hn._.js?id=%5Bproject%5D%2Fsrc%2Fapp%2F%5Blang%5D%2Fshop%2FShopClient.tsx+%5Bapp-ssr%5D+%28ecmascript%29:1741:48)
    at Object.react_stack_bottom_frame (/Users/giokhukhia/Desktop/tissu webpage/node_modules/next/dist/compiled/next-server/app-page-turbo.runtime.dev.js:2:311311)
    at renderWithHooks (/Users/giokhukhia/Desktop/tissu webpage/node_modules/next/dist/compiled/next-server/app-page-turbo.runtime.dev.js:2:118339)
    at renderElement (/Users/giokhukhia/Desktop/tissu webpage/node_modules/next/dist/compiled/next-server/app-page-turbo.runtime.dev.js:2:133011)
    at renderElement (/Users/giokhukhia/Desktop/tissu webpage/node_modules/next/dist/compiled/next-server/app-page-turbo.runtime.dev.js:2:194974)
    at retryNode (/Users/giokhukhia/Desktop/tissu webpage/node_modules/next/dist/compiled/next-server/app-page-turbo.runtime.dev.js:2:201940)
    at renderNodeDestructive (/Users/giokhukhia/Desktop/tissu webpage/node_modules/next/dist/compiled/next-server/app-page-turbo.runtime.dev.js:2:201175)
    at renderNode (/Users/giokhukhia/Desktop/tissu webpage/node_modules/next/dist/compiled/next-server/app-page-turbo.runtime.dev.js:2:213093)
    at renderElement (/Users/giokhukhia/Desktop/tissu webpage/node_modules/next/dist/compiled/next-server/app-page-turbo.runtime.dev.js:2:190130)
    at retryNode (/Users/giokhukhia/Desktop/tissu webpage/node_modules/next/dist/compiled/next-server/app-page-turbo.runtime.dev.js:2:201940)
    at renderNodeDestructive (/Users/giokhukhia/Desktop/tissu webpage/node_modules/next/dist/compiled/next-server/app-page-turbo.runtime.dev.js:2:201175)
    at retryNode (/Users/giokhukhia/Desktop/tissu webpage/node_modules/next/dist/compiled/next-server/app-page-turbo.runtime.dev.js:2:202325)
    at performWork (/Users/giokhukhia/Desktop/tissu webpage/node_modules/next/dist/compiled/next-server/app-page-turbo.runtime.dev.js:2:223847)
    at /Users/giokhukhia/Desktop/tissu webpage/node_modules/next/dist/compiled/next-server/app-page-turbo.runtime.dev.js:2:103213
    at node:internal/process/task_queues:151:7
    at AsyncResource.runInAsyncScope (node:async_hooks:214:14)
    at AsyncResource.runMicrotask (node:internal/process/task_queues:148:8)
    at runNextTicks (node:internal/process/task_queues:65:5)
    at process.processImmediate (node:internal/timers:453:9)
    at process.callbackTrampoline (node:internal/async_hooks:130:17)
[  873243ms] ReferenceError: CAT_ICONS is not defined
    at http://localhost:3000/_next/static/chunks/src_app_%5Blang%5D_shop_ShopClient_tsx_0mvjcd1._.js:1777:45
    at Array.map (<anonymous>)
    at ShopClient (http://localhost:3000/_next/static/chunks/src_app_%5Blang%5D_shop_ShopClient_tsx_0mvjcd1._.js:1763:48)
    at Object.react_stack_bottom_frame (http://localhost:3000/_next/static/chunks/node_modules_next_dist_compiled_react-dom_058-ah~._.js:15037:24)
    at renderWithHooks (http://localhost:3000/_next/static/chunks/node_modules_next_dist_compiled_react-dom_058-ah~._.js:4620:24)
    at updateFunctionComponent (http://localhost:3000/_next/static/chunks/node_modules_next_dist_compiled_react-dom_058-ah~._.js:6081:21)
    at beginWork (http://localhost:3000/_next/static/chunks/node_modules_next_dist_compiled_react-dom_058-ah~._.js:6665:639)
    at runWithFiberInDEV (http://localhost:3000/_next/static/chunks/node_modules_next_dist_compiled_react-dom_058-ah~._.js:965:74)
    at performUnitOfWork (http://localhost:3000/_next/static/chunks/node_modules_next_dist_compiled_react-dom_058-ah~._.js:9555:97)
    at workLoopSync (http://localhost:3000/_next/static/chunks/node_modules_next_dist_compiled_react-dom_058-ah~._.js:9449:40)
    at renderRootSync (http://localhost:3000/_next/static/chunks/node_modules_next_dist_compiled_react-dom_058-ah~._.js:9433:13)
    at performWorkOnRoot (http://localhost:3000/_next/static/chunks/node_modules_next_dist_compiled_react-dom_058-ah~._.js:9098:47)
    at performWorkOnRootViaSchedulerTask (http://localhost:3000/_next/static/chunks/node_modules_next_dist_compiled_react-dom_058-ah~._.js:10255:9)
    at MessagePort.performWorkUntilDeadline (http://localhost:3000/_next/static/chunks/node_modules_next_dist_compiled_0rpq4pf._.js:2647:64)
[ 1156169ms] [LOG] [Fast Refresh] rebuilding @ http://localhost:3000/_next/static/chunks/node_modules_next_dist_115brz8._.js:2431
[ 1156259ms] [WARNING] [Fast Refresh] performing full reload because your application had an unrecoverable error @ http://localhost:3000/_next/static/chunks/node_modules_next_dist_115brz8._.js:2431
[ 1156266ms] [LOG] [Fast Refresh] done in 186ms @ http://localhost:3000/_next/static/chunks/node_modules_next_dist_115brz8._.js:2431
[ 1156730ms] [INFO] %cDownload the React DevTools for a better development experience: https://react.dev/link/react-devtools font-weight:bold @ http://localhost:3000/_next/static/chunks/node_modules_next_dist_115brz8._.js:2431
[ 1156752ms] [LOG] [HMR] connected @ http://localhost:3000/_next/static/chunks/node_modules_next_dist_115brz8._.js:2431
[ 1198587ms] [LOG] [Fast Refresh] rebuilding @ http://localhost:3000/_next/static/chunks/node_modules_next_dist_115brz8._.js:2431
[ 1198693ms] [LOG] [Fast Refresh] done in 144ms @ http://localhost:3000/_next/static/chunks/node_modules_next_dist_115brz8._.js:2431
[ 1217207ms] [LOG] [Fast Refresh] rebuilding @ http://localhost:3000/_next/static/chunks/node_modules_next_dist_115brz8._.js:2431
[ 1217285ms] [LOG] [Fast Refresh] done in 120ms @ http://localhost:3000/_next/static/chunks/node_modules_next_dist_115brz8._.js:2431
