[     416ms] [LOG] [Fast Refresh] rebuilding @ http://localhost:3000/_next/static/chunks/node_modules_next_dist_115brz8._.js:2431
[     422ms] [LOG] [Fast Refresh] done in 108ms @ http://localhost:3000/_next/static/chunks/node_modules_next_dist_115brz8._.js:2431
[     637ms] [INFO] %cDownload the React DevTools for a better development experience: https://react.dev/link/react-devtools font-weight:bold @ http://localhost:3000/_next/static/chunks/node_modules_next_dist_115brz8._.js:2431
[     659ms] [VERBOSE] [DOM] Input elements should have autocomplete attributes (suggested: "current-password"): (More info: https://goo.gl/9p2vKq) %o @ http://localhost:3000/ka/account/login?callbackUrl=%2Fka%2Fcheckout:0
[     663ms] [LOG] [HMR] connected @ http://localhost:3000/_next/static/chunks/node_modules_next_dist_115brz8._.js:2431
[   15125ms] [LOG] [Fast Refresh] rebuilding @ http://localhost:3000/_next/static/chunks/node_modules_next_dist_115brz8._.js:2431
[   15218ms] [LOG] [Fast Refresh] done in 115ms @ http://localhost:3000/_next/static/chunks/node_modules_next_dist_115brz8._.js:2431
[   27182ms] [LOG] [Fast Refresh] rebuilding @ http://localhost:3000/_next/static/chunks/node_modules_next_dist_115brz8._.js:2431
[   27277ms] [LOG] [Fast Refresh] done in 195ms @ http://localhost:3000/_next/static/chunks/node_modules_next_dist_115brz8._.js:2431
[   57936ms] [LOG] [Fast Refresh] rebuilding @ http://localhost:3000/_next/static/chunks/node_modules_next_dist_115brz8._.js:2431
[   57967ms] [LOG] [Fast Refresh] done in 133ms @ http://localhost:3000/_next/static/chunks/node_modules_next_dist_115brz8._.js:2431
[   96462ms] [LOG] [Fast Refresh] rebuilding @ http://localhost:3000/_next/static/chunks/node_modules_next_dist_115brz8._.js:2431
[  103335ms] [ERROR] ./src/components/layout/Footer.tsx:5:1
Export Instagram doesn't exist in target module
  3 | import Link from "next/link";
  4 | import { useParams } from "next/navigation";
> 5 | import { Instagram, Mail, MapPin } from "lucide-react";
    | ^^^^^^^^^^^^^^^^^^^^^^^^^^^^^^^^^^^^^^^^^^^^^^^^^^^^^^^
  6 | import { Locale } from "@/i18n/config";
  7 |
  8 | const FRAUNCES = "var(--font-fraunces), 'Fraunces', Georgia, serif";

The export Instagram was not found in module [project]/node_modules/lucide-react/dist/esm/lucide-react.js [app-client] (ecmascript).
Did you mean to import Star?
All exports of the module are statically known (It doesn't have dynamic exports). So it's known statically that the requested export doesn't exist.

Import trace:
  Server Component:
    ./src/components/layout/Footer.tsx
    ./src/app/[lang]/layout.tsx @ http://localhost:3000/_next/static/chunks/node_modules_next_dist_115brz8._.js:3272
[  103335ms] [ERROR] ./src/components/layout/Footer.tsx:5:1
Export Instagram doesn't exist in target module
  3 | import Link from "next/link";
  4 | import { useParams } from "next/navigation";
> 5 | import { Instagram, Mail, MapPin } from "lucide-react";
    | ^^^^^^^^^^^^^^^^^^^^^^^^^^^^^^^^^^^^^^^^^^^^^^^^^^^^^^^
  6 | import { Locale } from "@/i18n/config";
  7 |
  8 | const FRAUNCES = "var(--font-fraunces), 'Fraunces', Georgia, serif";

The export Instagram was not found in module [project]/node_modules/lucide-react/dist/esm/lucide-react.js [app-ssr] (ecmascript).
Did you mean to import Star?
All exports of the module are statically known (It doesn't have dynamic exports). So it's known statically that the requested export doesn't exist.

Import trace:
  Server Component:
    ./src/components/layout/Footer.tsx
    ./src/app/[lang]/layout.tsx @ http://localhost:3000/_next/static/chunks/node_modules_next_dist_115brz8._.js:3272
[  103436ms] [LOG] [Fast Refresh] rebuilding @ http://localhost:3000/_next/static/chunks/node_modules_next_dist_115brz8._.js:2431
[  103876ms] [ERROR] ./src/components/layout/Footer.tsx:5:1
Export Instagram doesn't exist in target module
  3 | import Link from "next/link";
  4 | import { useParams } from "next/navigation";
> 5 | import { Instagram, Mail, MapPin } from "lucide-react";
    | ^^^^^^^^^^^^^^^^^^^^^^^^^^^^^^^^^^^^^^^^^^^^^^^^^^^^^^^
  6 | import { Locale } from "@/i18n/config";
  7 |
  8 | const FRAUNCES = "var(--font-fraunces), 'Fraunces', Georgia, serif";

The export Instagram was not found in module [project]/node_modules/lucide-react/dist/esm/lucide-react.js [app-client] (ecmascript).
Did you mean to import Star?
All exports of the module are statically known (It doesn't have dynamic exports). So it's known statically that the requested export doesn't exist.

Import trace:
  Server Component:
    ./src/components/layout/Footer.tsx
    ./src/app/[lang]/layout.tsx @ http://localhost:3000/_next/static/chunks/node_modules_next_dist_115brz8._.js:3272
[  103876ms] [ERROR] ./src/components/layout/Footer.tsx:5:1
Export Instagram doesn't exist in target module
  3 | import Link from "next/link";
  4 | import { useParams } from "next/navigation";
> 5 | import { Instagram, Mail, MapPin } from "lucide-react";
    | ^^^^^^^^^^^^^^^^^^^^^^^^^^^^^^^^^^^^^^^^^^^^^^^^^^^^^^^
  6 | import { Locale } from "@/i18n/config";
  7 |
  8 | const FRAUNCES = "var(--font-fraunces), 'Fraunces', Georgia, serif";

The export Instagram was not found in module [project]/node_modules/lucide-react/dist/esm/lucide-react.js [app-ssr] (ecmascript).
Did you mean to import Star?
All exports of the module are statically known (It doesn't have dynamic exports). So it's known statically that the requested export doesn't exist.

Import trace:
  Server Component:
    ./src/components/layout/Footer.tsx
    ./src/app/[lang]/layout.tsx @ http://localhost:3000/_next/static/chunks/node_modules_next_dist_115brz8._.js:3272
[  103877ms] [ERROR] Failed to load resource: the server responded with a status of 500 (Internal Server Error) @ http://localhost:3000/ka/account/login?callbackUrl=%2Fka%2Fcheckout&_rsc=l4yed:0
[  103939ms] [ERROR] Failed to load resource: the server responded with a status of 500 (Internal Server Error) @ http://localhost:3000/ka/account/login?callbackUrl=%2Fka%2Fcheckout&_rsc=l4yed:0
[  103956ms] [ERROR] Failed to load resource: the server responded with a status of 500 (Internal Server Error) @ http://localhost:3000/ka/account/login?callbackUrl=%2Fka%2Fcheckout&_rsc=l4yed:0
[  103990ms] [ERROR] Failed to load resource: the server responded with a status of 500 (Internal Server Error) @ http://localhost:3000/ka/account/login?callbackUrl=%2Fka%2Fcheckout&_rsc=l4yed:0
[  103995ms] [ERROR] Failed to load resource: the server responded with a status of 500 (Internal Server Error) @ http://localhost:3000/ka/account/login?callbackUrl=%2Fka%2Fcheckout:0
[  104120ms] [INFO] %cDownload the React DevTools for a better development experience: https://react.dev/link/react-devtools font-weight:bold @ http://localhost:3000/_next/static/chunks/node_modules_react-dom_0bruynb._.js:15305
[  104173ms] Error: ./src/components/layout/Footer.tsx:5:1
Export Instagram doesn't exist in target module
  3 | import Link from "next/link";
  4 | import { useParams } from "next/navigation";
> 5 | import { Instagram, Mail, MapPin } from "lucide-react";
    | ^^^^^^^^^^^^^^^^^^^^^^^^^^^^^^^^^^^^^^^^^^^^^^^^^^^^^^^
  6 | import { Locale } from "@/i18n/config";
  7 |
  8 | const FRAUNCES = "var(--font-fraunces), 'Fraunces', Georgia, serif";

The export Instagram was not found in module [project]/node_modules/lucide-react/dist/esm/lucide-react.js [app-client] (ecmascript).
Did you mean to import Star?
All exports of the module are statically known (It doesn't have dynamic exports). So it's known statically that the requested export doesn't exist.

Import trace:
  Server Component:
    ./src/components/layout/Footer.tsx
    ./src/app/[lang]/layout.tsx


    at <unknown> (Error: ./src/components/layout/Footer.tsx:5:1)
    at Object.getCompilationErrors (file:///Users/giokhukhia/Desktop/tissu webpage/node_modules/next/dist/server/dev/hot-reloader-turbopack.js:1189:59)
    at DevBundlerService.getCompilationError (file:///Users/giokhukhia/Desktop/tissu webpage/node_modules/next/dist/server/lib/dev-bundler-service.js:44:55)
    at DevServer.getCompilationError (file:///Users/giokhukhia/Desktop/tissu webpage/node_modules/next/dist/server/dev/next-dev-server.js:719:42)
    at DevServer.findPageComponents (file:///Users/giokhukhia/Desktop/tissu webpage/node_modules/next/dist/server/dev/next-dev-server.js:689:43)
    at async DevServer.renderErrorToResponseImpl (file:///Users/giokhukhia/Desktop/tissu webpage/node_modules/next/dist/server/base-server.js:1745:26)
[  104232ms] [LOG] [HMR] connected @ http://localhost:3000/_next/static/chunks/node_modules_next_dist_0u_w_5s._.js:1226
[  104247ms] [ERROR] ./src/components/layout/Footer.tsx:5:1
Export Instagram doesn't exist in target module
  3 | import Link from "next/link";
  4 | import { useParams } from "next/navigation";
> 5 | import { Instagram, Mail, MapPin } from "lucide-react";
    | ^^^^^^^^^^^^^^^^^^^^^^^^^^^^^^^^^^^^^^^^^^^^^^^^^^^^^^^
  6 | import { Locale } from "@/i18n/config";
  7 |
  8 | const FRAUNCES = "var(--font-fraunces), 'Fraunces', Georgia, serif";

The export Instagram was not found in module [project]/node_modules/lucide-react/dist/esm/lucide-react.js [app-client] (ecmascript).
Did you mean to import Star?
All exports of the module are statically known (It doesn't have dynamic exports). So it's known statically that the requested export doesn't exist.

Import trace:
  Server Component:
    ./src/components/layout/Footer.tsx
    ./src/app/[lang]/layout.tsx @ http://localhost:3000/_next/static/chunks/node_modules_next_dist_0u_w_5s._.js:1945
[  104247ms] [ERROR] ./src/components/layout/Footer.tsx:5:1
Export Instagram doesn't exist in target module
  3 | import Link from "next/link";
  4 | import { useParams } from "next/navigation";
> 5 | import { Instagram, Mail, MapPin } from "lucide-react";
    | ^^^^^^^^^^^^^^^^^^^^^^^^^^^^^^^^^^^^^^^^^^^^^^^^^^^^^^^
  6 | import { Locale } from "@/i18n/config";
  7 |
  8 | const FRAUNCES = "var(--font-fraunces), 'Fraunces', Georgia, serif";

The export Instagram was not found in module [project]/node_modules/lucide-react/dist/esm/lucide-react.js [app-ssr] (ecmascript).
Did you mean to import Star?
All exports of the module are statically known (It doesn't have dynamic exports). So it's known statically that the requested export doesn't exist.

Import trace:
  Server Component:
    ./src/components/layout/Footer.tsx
    ./src/app/[lang]/layout.tsx @ http://localhost:3000/_next/static/chunks/node_modules_next_dist_0u_w_5s._.js:1945
[  104247ms] [ERROR] ./src/components/layout/Footer.tsx:5:1
Export Instagram doesn't exist in target module
  3 | import Link from "next/link";
  4 | import { useParams } from "next/navigation";
> 5 | import { Instagram, Mail, MapPin } from "lucide-react";
    | ^^^^^^^^^^^^^^^^^^^^^^^^^^^^^^^^^^^^^^^^^^^^^^^^^^^^^^^
  6 | import { Locale } from "@/i18n/config";
  7 |
  8 | const FRAUNCES = "var(--font-fraunces), 'Fraunces', Georgia, serif";

The export Instagram was not found in module [project]/node_modules/lucide-react/dist/esm/lucide-react.js [app-client] (ecmascript).
Did you mean to import Star?
All exports of the module are statically known (It doesn't have dynamic exports). So it's known statically that the requested export doesn't exist.

Import trace:
  Server Component:
    ./src/components/layout/Footer.tsx
    ./src/app/[lang]/layout.tsx @ http://localhost:3000/_next/static/chunks/node_modules_next_dist_0u_w_5s._.js:1945
[  104247ms] [ERROR] ./src/components/layout/Footer.tsx:5:1
Export Instagram doesn't exist in target module
  3 | import Link from "next/link";
  4 | import { useParams } from "next/navigation";
> 5 | import { Instagram, Mail, MapPin } from "lucide-react";
    | ^^^^^^^^^^^^^^^^^^^^^^^^^^^^^^^^^^^^^^^^^^^^^^^^^^^^^^^
  6 | import { Locale } from "@/i18n/config";
  7 |
  8 | const FRAUNCES = "var(--font-fraunces), 'Fraunces', Georgia, serif";

The export Instagram was not found in module [project]/node_modules/lucide-react/dist/esm/lucide-react.js [app-ssr] (ecmascript).
Did you mean to import Star?
All exports of the module are statically known (It doesn't have dynamic exports). So it's known statically that the requested export doesn't exist.

Import trace:
  Server Component:
    ./src/components/layout/Footer.tsx
    ./src/app/[lang]/layout.tsx @ http://localhost:3000/_next/static/chunks/node_modules_next_dist_0u_w_5s._.js:1945
[  104247ms] [ERROR] ./src/components/layout/Footer.tsx:5:1
Export Instagram doesn't exist in target module
  3 | import Link from "next/link";
  4 | import { useParams } from "next/navigation";
> 5 | import { Instagram, Mail, MapPin } from "lucide-react";
    | ^^^^^^^^^^^^^^^^^^^^^^^^^^^^^^^^^^^^^^^^^^^^^^^^^^^^^^^
  6 | import { Locale } from "@/i18n/config";
  7 |
  8 | const FRAUNCES = "var(--font-fraunces), 'Fraunces', Georgia, serif";

The export Instagram was not found in module [project]/node_modules/lucide-react/dist/esm/lucide-react.js [app-client] (ecmascript).
Did you mean to import Star?
All exports of the module are statically known (It doesn't have dynamic exports). So it's known statically that the requested export doesn't exist.

Import trace:
  Server Component:
    ./src/components/layout/Footer.tsx
    ./src/app/[lang]/layout.tsx @ http://localhost:3000/_next/static/chunks/node_modules_next_dist_0u_w_5s._.js:1945
[  104247ms] [ERROR] ./src/components/layout/Footer.tsx:5:1
Export Instagram doesn't exist in target module
  3 | import Link from "next/link";
  4 | import { useParams } from "next/navigation";
> 5 | import { Instagram, Mail, MapPin } from "lucide-react";
    | ^^^^^^^^^^^^^^^^^^^^^^^^^^^^^^^^^^^^^^^^^^^^^^^^^^^^^^^
  6 | import { Locale } from "@/i18n/config";
  7 |
  8 | const FRAUNCES = "var(--font-fraunces), 'Fraunces', Georgia, serif";

The export Instagram was not found in module [project]/node_modules/lucide-react/dist/esm/lucide-react.js [app-ssr] (ecmascript).
Did you mean to import Star?
All exports of the module are statically known (It doesn't have dynamic exports). So it's known statically that the requested export doesn't exist.

Import trace:
  Server Component:
    ./src/components/layout/Footer.tsx
    ./src/app/[lang]/layout.tsx @ http://localhost:3000/_next/static/chunks/node_modules_next_dist_0u_w_5s._.js:1945
[  104247ms] [ERROR] ./src/components/layout/Footer.tsx:5:1
Export Instagram doesn't exist in target module
  3 | import Link from "next/link";
  4 | import { useParams } from "next/navigation";
> 5 | import { Instagram, Mail, MapPin } from "lucide-react";
    | ^^^^^^^^^^^^^^^^^^^^^^^^^^^^^^^^^^^^^^^^^^^^^^^^^^^^^^^
  6 | import { Locale } from "@/i18n/config";
  7 |
  8 | const FRAUNCES = "var(--font-fraunces), 'Fraunces', Georgia, serif";

The export Instagram was not found in module [project]/node_modules/lucide-react/dist/esm/lucide-react.js [app-client] (ecmascript).
Did you mean to import Star?
All exports of the module are statically known (It doesn't have dynamic exports). So it's known statically that the requested export doesn't exist.

Import trace:
  Server Component:
    ./src/components/layout/Footer.tsx
    ./src/app/[lang]/layout.tsx @ http://localhost:3000/_next/static/chunks/node_modules_next_dist_0u_w_5s._.js:1945
[  104248ms] [ERROR] ./src/components/layout/Footer.tsx:5:1
Export Instagram doesn't exist in target module
  3 | import Link from "next/link";
  4 | import { useParams } from "next/navigation";
> 5 | import { Instagram, Mail, MapPin } from "lucide-react";
    | ^^^^^^^^^^^^^^^^^^^^^^^^^^^^^^^^^^^^^^^^^^^^^^^^^^^^^^^
  6 | import { Locale } from "@/i18n/config";
  7 |
  8 | const FRAUNCES = "var(--font-fraunces), 'Fraunces', Georgia, serif";

The export Instagram was not found in module [project]/node_modules/lucide-react/dist/esm/lucide-react.js [app-ssr] (ecmascript).
Did you mean to import Star?
All exports of the module are statically known (It doesn't have dynamic exports). So it's known statically that the requested export doesn't exist.

Import trace:
  Server Component:
    ./src/components/layout/Footer.tsx
    ./src/app/[lang]/layout.tsx @ http://localhost:3000/_next/static/chunks/node_modules_next_dist_0u_w_5s._.js:1945
[  104248ms] [ERROR] ./src/components/layout/Footer.tsx:5:1
Export Instagram doesn't exist in target module
  3 | import Link from "next/link";
  4 | import { useParams } from "next/navigation";
> 5 | import { Instagram, Mail, MapPin } from "lucide-react";
    | ^^^^^^^^^^^^^^^^^^^^^^^^^^^^^^^^^^^^^^^^^^^^^^^^^^^^^^^
  6 | import { Locale } from "@/i18n/config";
  7 |
  8 | const FRAUNCES = "var(--font-fraunces), 'Fraunces', Georgia, serif";

The export Instagram was not found in module [project]/node_modules/lucide-react/dist/esm/lucide-react.js [app-client] (ecmascript).
Did you mean to import Star?
All exports of the module are statically known (It doesn't have dynamic exports). So it's known statically that the requested export doesn't exist.

Import trace:
  Server Component:
    ./src/components/layout/Footer.tsx
    ./src/app/[lang]/layout.tsx @ http://localhost:3000/_next/static/chunks/node_modules_next_dist_0u_w_5s._.js:1945
[  104248ms] [ERROR] ./src/components/layout/Footer.tsx:5:1
Export Instagram doesn't exist in target module
  3 | import Link from "next/link";
  4 | import { useParams } from "next/navigation";
> 5 | import { Instagram, Mail, MapPin } from "lucide-react";
    | ^^^^^^^^^^^^^^^^^^^^^^^^^^^^^^^^^^^^^^^^^^^^^^^^^^^^^^^
  6 | import { Locale } from "@/i18n/config";
  7 |
  8 | const FRAUNCES = "var(--font-fraunces), 'Fraunces', Georgia, serif";

The export Instagram was not found in module [project]/node_modules/lucide-react/dist/esm/lucide-react.js [app-ssr] (ecmascript).
Did you mean to import Star?
All exports of the module are statically known (It doesn't have dynamic exports). So it's known statically that the requested export doesn't exist.

Import trace:
  Server Component:
    ./src/components/layout/Footer.tsx
    ./src/app/[lang]/layout.tsx @ http://localhost:3000/_next/static/chunks/node_modules_next_dist_0u_w_5s._.js:1945
[  104248ms] [ERROR] ./src/components/layout/Footer.tsx:5:1
Export Instagram doesn't exist in target module
  3 | import Link from "next/link";
  4 | import { useParams } from "next/navigation";
> 5 | import { Instagram, Mail, MapPin } from "lucide-react";
    | ^^^^^^^^^^^^^^^^^^^^^^^^^^^^^^^^^^^^^^^^^^^^^^^^^^^^^^^
  6 | import { Locale } from "@/i18n/config";
  7 |
  8 | const FRAUNCES = "var(--font-fraunces), 'Fraunces', Georgia, serif";

The export Instagram was not found in module [project]/node_modules/lucide-react/dist/esm/lucide-react.js [app-client] (ecmascript).
Did you mean to import Star?
All exports of the module are statically known (It doesn't have dynamic exports). So it's known statically that the requested export doesn't exist.

Import trace:
  Server Component:
    ./src/components/layout/Footer.tsx
    ./src/app/[lang]/layout.tsx @ http://localhost:3000/_next/static/chunks/node_modules_next_dist_0u_w_5s._.js:1945
[  104248ms] [ERROR] ./src/components/layout/Footer.tsx:5:1
Export Instagram doesn't exist in target module
  3 | import Link from "next/link";
  4 | import { useParams } from "next/navigation";
> 5 | import { Instagram, Mail, MapPin } from "lucide-react";
    | ^^^^^^^^^^^^^^^^^^^^^^^^^^^^^^^^^^^^^^^^^^^^^^^^^^^^^^^
  6 | import { Locale } from "@/i18n/config";
  7 |
  8 | const FRAUNCES = "var(--font-fraunces), 'Fraunces', Georgia, serif";

The export Instagram was not found in module [project]/node_modules/lucide-react/dist/esm/lucide-react.js [app-ssr] (ecmascript).
Did you mean to import Star?
All exports of the module are statically known (It doesn't have dynamic exports). So it's known statically that the requested export doesn't exist.

Import trace:
  Server Component:
    ./src/components/layout/Footer.tsx
    ./src/app/[lang]/layout.tsx @ http://localhost:3000/_next/static/chunks/node_modules_next_dist_0u_w_5s._.js:1945
[  104248ms] [ERROR] ./src/components/layout/Footer.tsx:5:1
Export Instagram doesn't exist in target module
  3 | import Link from "next/link";
  4 | import { useParams } from "next/navigation";
> 5 | import { Instagram, Mail, MapPin } from "lucide-react";
    | ^^^^^^^^^^^^^^^^^^^^^^^^^^^^^^^^^^^^^^^^^^^^^^^^^^^^^^^
  6 | import { Locale } from "@/i18n/config";
  7 |
  8 | const FRAUNCES = "var(--font-fraunces), 'Fraunces', Georgia, serif";

The export Instagram was not found in module [project]/node_modules/lucide-react/dist/esm/lucide-react.js [app-client] (ecmascript).
Did you mean to import Star?
All exports of the module are statically known (It doesn't have dynamic exports). So it's known statically that the requested export doesn't exist.

Import trace:
  Server Component:
    ./src/components/layout/Footer.tsx
    ./src/app/[lang]/layout.tsx @ http://localhost:3000/_next/static/chunks/node_modules_next_dist_0u_w_5s._.js:1945
[  104248ms] [ERROR] ./src/components/layout/Footer.tsx:5:1
Export Instagram doesn't exist in target module
  3 | import Link from "next/link";
  4 | import { useParams } from "next/navigation";
> 5 | import { Instagram, Mail, MapPin } from "lucide-react";
    | ^^^^^^^^^^^^^^^^^^^^^^^^^^^^^^^^^^^^^^^^^^^^^^^^^^^^^^^
  6 | import { Locale } from "@/i18n/config";
  7 |
  8 | const FRAUNCES = "var(--font-fraunces), 'Fraunces', Georgia, serif";

The export Instagram was not found in module [project]/node_modules/lucide-react/dist/esm/lucide-react.js [app-ssr] (ecmascript).
Did you mean to import Star?
All exports of the module are statically known (It doesn't have dynamic exports). So it's known statically that the requested export doesn't exist.

Import trace:
  Server Component:
    ./src/components/layout/Footer.tsx
    ./src/app/[lang]/layout.tsx @ http://localhost:3000/_next/static/chunks/node_modules_next_dist_0u_w_5s._.js:1945
[  104248ms] [ERROR] ./src/components/layout/Footer.tsx:5:1
Export Instagram doesn't exist in target module
  3 | import Link from "next/link";
  4 | import { useParams } from "next/navigation";
> 5 | import { Instagram, Mail, MapPin } from "lucide-react";
    | ^^^^^^^^^^^^^^^^^^^^^^^^^^^^^^^^^^^^^^^^^^^^^^^^^^^^^^^
  6 | import { Locale } from "@/i18n/config";
  7 |
  8 | const FRAUNCES = "var(--font-fraunces), 'Fraunces', Georgia, serif";

The export Instagram was not found in module [project]/node_modules/lucide-react/dist/esm/lucide-react.js [app-client] (ecmascript).
Did you mean to import Star?
All exports of the module are statically known (It doesn't have dynamic exports). So it's known statically that the requested export doesn't exist.

Import trace:
  Server Component:
    ./src/components/layout/Footer.tsx
    ./src/app/[lang]/layout.tsx @ http://localhost:3000/_next/static/chunks/node_modules_next_dist_0u_w_5s._.js:1945
[  104248ms] [ERROR] ./src/components/layout/Footer.tsx:5:1
Export Instagram doesn't exist in target module
  3 | import Link from "next/link";
  4 | import { useParams } from "next/navigation";
> 5 | import { Instagram, Mail, MapPin } from "lucide-react";
    | ^^^^^^^^^^^^^^^^^^^^^^^^^^^^^^^^^^^^^^^^^^^^^^^^^^^^^^^
  6 | import { Locale } from "@/i18n/config";
  7 |
  8 | const FRAUNCES = "var(--font-fraunces), 'Fraunces', Georgia, serif";

The export Instagram was not found in module [project]/node_modules/lucide-react/dist/esm/lucide-react.js [app-ssr] (ecmascript).
Did you mean to import Star?
All exports of the module are statically known (It doesn't have dynamic exports). So it's known statically that the requested export doesn't exist.

Import trace:
  Server Component:
    ./src/components/layout/Footer.tsx
    ./src/app/[lang]/layout.tsx @ http://localhost:3000/_next/static/chunks/node_modules_next_dist_0u_w_5s._.js:1945
[  104248ms] [ERROR] ./src/components/layout/Footer.tsx:5:1
Export Instagram doesn't exist in target module
  3 | import Link from "next/link";
  4 | import { useParams } from "next/navigation";
> 5 | import { Instagram, Mail, MapPin } from "lucide-react";
    | ^^^^^^^^^^^^^^^^^^^^^^^^^^^^^^^^^^^^^^^^^^^^^^^^^^^^^^^
  6 | import { Locale } from "@/i18n/config";
  7 |
  8 | const FRAUNCES = "var(--font-fraunces), 'Fraunces', Georgia, serif";

The export Instagram was not found in module [project]/node_modules/lucide-react/dist/esm/lucide-react.js [app-client] (ecmascript).
Did you mean to import Star?
All exports of the module are statically known (It doesn't have dynamic exports). So it's known statically that the requested export doesn't exist.

Import trace:
  Server Component:
    ./src/components/layout/Footer.tsx
    ./src/app/[lang]/layout.tsx @ http://localhost:3000/_next/static/chunks/node_modules_next_dist_0u_w_5s._.js:1945
[  104248ms] [ERROR] ./src/components/layout/Footer.tsx:5:1
Export Instagram doesn't exist in target module
  3 | import Link from "next/link";
  4 | import { useParams } from "next/navigation";
> 5 | import { Instagram, Mail, MapPin } from "lucide-react";
    | ^^^^^^^^^^^^^^^^^^^^^^^^^^^^^^^^^^^^^^^^^^^^^^^^^^^^^^^
  6 | import { Locale } from "@/i18n/config";
  7 |
  8 | const FRAUNCES = "var(--font-fraunces), 'Fraunces', Georgia, serif";

The export Instagram was not found in module [project]/node_modules/lucide-react/dist/esm/lucide-react.js [app-ssr] (ecmascript).
Did you mean to import Star?
All exports of the module are statically known (It doesn't have dynamic exports). So it's known statically that the requested export doesn't exist.

Import trace:
  Server Component:
    ./src/components/layout/Footer.tsx
    ./src/app/[lang]/layout.tsx @ http://localhost:3000/_next/static/chunks/node_modules_next_dist_0u_w_5s._.js:1945
[  104248ms] [ERROR] ./src/components/layout/Footer.tsx:5:1
Export Instagram doesn't exist in target module
  3 | import Link from "next/link";
  4 | import { useParams } from "next/navigation";
> 5 | import { Instagram, Mail, MapPin } from "lucide-react";
    | ^^^^^^^^^^^^^^^^^^^^^^^^^^^^^^^^^^^^^^^^^^^^^^^^^^^^^^^
  6 | import { Locale } from "@/i18n/config";
  7 |
  8 | const FRAUNCES = "var(--font-fraunces), 'Fraunces', Georgia, serif";

The export Instagram was not found in module [project]/node_modules/lucide-react/dist/esm/lucide-react.js [app-client] (ecmascript).
Did you mean to import Star?
All exports of the module are statically known (It doesn't have dynamic exports). So it's known statically that the requested export doesn't exist.

Import trace:
  Server Component:
    ./src/components/layout/Footer.tsx
    ./src/app/[lang]/layout.tsx @ http://localhost:3000/_next/static/chunks/node_modules_next_dist_0u_w_5s._.js:1945
[  104248ms] [ERROR] ./src/components/layout/Footer.tsx:5:1
Export Instagram doesn't exist in target module
  3 | import Link from "next/link";
  4 | import { useParams } from "next/navigation";
> 5 | import { Instagram, Mail, MapPin } from "lucide-react";
    | ^^^^^^^^^^^^^^^^^^^^^^^^^^^^^^^^^^^^^^^^^^^^^^^^^^^^^^^
  6 | import { Locale } from "@/i18n/config";
  7 |
  8 | const FRAUNCES = "var(--font-fraunces), 'Fraunces', Georgia, serif";

The export Instagram was not found in module [project]/node_modules/lucide-react/dist/esm/lucide-react.js [app-ssr] (ecmascript).
Did you mean to import Star?
All exports of the module are statically known (It doesn't have dynamic exports). So it's known statically that the requested export doesn't exist.

Import trace:
  Server Component:
    ./src/components/layout/Footer.tsx
    ./src/app/[lang]/layout.tsx @ http://localhost:3000/_next/static/chunks/node_modules_next_dist_0u_w_5s._.js:1945
[  104376ms] [ERROR] ./src/components/layout/Footer.tsx:5:1
Export Instagram doesn't exist in target module
  3 | import Link from "next/link";
  4 | import { useParams } from "next/navigation";
> 5 | import { Instagram, Mail, MapPin } from "lucide-react";
    | ^^^^^^^^^^^^^^^^^^^^^^^^^^^^^^^^^^^^^^^^^^^^^^^^^^^^^^^
  6 | import { Locale } from "@/i18n/config";
  7 |
  8 | const FRAUNCES = "var(--font-fraunces), 'Fraunces', Georgia, serif";

The export Instagram was not found in module [project]/node_modules/lucide-react/dist/esm/lucide-react.js [app-client] (ecmascript).
Did you mean to import Star?
All exports of the module are statically known (It doesn't have dynamic exports). So it's known statically that the requested export doesn't exist.

Import trace:
  Server Component:
    ./src/components/layout/Footer.tsx
    ./src/app/[lang]/layout.tsx @ http://localhost:3000/_next/static/chunks/node_modules_next_dist_0u_w_5s._.js:1945
[  104376ms] [ERROR] ./src/components/layout/Footer.tsx:5:1
Export Instagram doesn't exist in target module
  3 | import Link from "next/link";
  4 | import { useParams } from "next/navigation";
> 5 | import { Instagram, Mail, MapPin } from "lucide-react";
    | ^^^^^^^^^^^^^^^^^^^^^^^^^^^^^^^^^^^^^^^^^^^^^^^^^^^^^^^
  6 | import { Locale } from "@/i18n/config";
  7 |
  8 | const FRAUNCES = "var(--font-fraunces), 'Fraunces', Georgia, serif";

The export Instagram was not found in module [project]/node_modules/lucide-react/dist/esm/lucide-react.js [app-ssr] (ecmascript).
Did you mean to import Star?
All exports of the module are statically known (It doesn't have dynamic exports). So it's known statically that the requested export doesn't exist.

Import trace:
  Server Component:
    ./src/components/layout/Footer.tsx
    ./src/app/[lang]/layout.tsx @ http://localhost:3000/_next/static/chunks/node_modules_next_dist_0u_w_5s._.js:1945
[  104462ms] [ERROR] ./src/components/layout/Footer.tsx:5:1
Export Instagram doesn't exist in target module
  3 | import Link from "next/link";
  4 | import { useParams } from "next/navigation";
> 5 | import { Instagram, Mail, MapPin } from "lucide-react";
    | ^^^^^^^^^^^^^^^^^^^^^^^^^^^^^^^^^^^^^^^^^^^^^^^^^^^^^^^
  6 | import { Locale } from "@/i18n/config";
  7 |
  8 | const FRAUNCES = "var(--font-fraunces), 'Fraunces', Georgia, serif";

The export Instagram was not found in module [project]/node_modules/lucide-react/dist/esm/lucide-react.js [app-client] (ecmascript).
Did you mean to import Star?
All exports of the module are statically known (It doesn't have dynamic exports). So it's known statically that the requested export doesn't exist.

Import trace:
  Server Component:
    ./src/components/layout/Footer.tsx
    ./src/app/[lang]/layout.tsx @ http://localhost:3000/_next/static/chunks/node_modules_next_dist_0u_w_5s._.js:1945
[  104462ms] [ERROR] ./src/components/layout/Footer.tsx:5:1
Export Instagram doesn't exist in target module
  3 | import Link from "next/link";
  4 | import { useParams } from "next/navigation";
> 5 | import { Instagram, Mail, MapPin } from "lucide-react";
    | ^^^^^^^^^^^^^^^^^^^^^^^^^^^^^^^^^^^^^^^^^^^^^^^^^^^^^^^
  6 | import { Locale } from "@/i18n/config";
  7 |
  8 | const FRAUNCES = "var(--font-fraunces), 'Fraunces', Georgia, serif";

The export Instagram was not found in module [project]/node_modules/lucide-react/dist/esm/lucide-react.js [app-ssr] (ecmascript).
Did you mean to import Star?
All exports of the module are statically known (It doesn't have dynamic exports). So it's known statically that the requested export doesn't exist.

Import trace:
  Server Component:
    ./src/components/layout/Footer.tsx
    ./src/app/[lang]/layout.tsx @ http://localhost:3000/_next/static/chunks/node_modules_next_dist_0u_w_5s._.js:1945
[  104491ms] [LOG] [Fast Refresh] rebuilding @ http://localhost:3000/_next/static/chunks/node_modules_next_dist_0u_w_5s._.js:1226
[  104543ms] [ERROR] ./src/components/layout/Footer.tsx:5:1
Export Instagram doesn't exist in target module
  3 | import Link from "next/link";
  4 | import { useParams } from "next/navigation";
> 5 | import { Instagram, Mail, MapPin } from "lucide-react";
    | ^^^^^^^^^^^^^^^^^^^^^^^^^^^^^^^^^^^^^^^^^^^^^^^^^^^^^^^
  6 | import { Locale } from "@/i18n/config";
  7 |
  8 | const FRAUNCES = "var(--font-fraunces), 'Fraunces', Georgia, serif";

The export Instagram was not found in module [project]/node_modules/lucide-react/dist/esm/lucide-react.js [app-client] (ecmascript).
Did you mean to import Star?
All exports of the module are statically known (It doesn't have dynamic exports). So it's known statically that the requested export doesn't exist.

Import trace:
  Server Component:
    ./src/components/layout/Footer.tsx
    ./src/app/[lang]/layout.tsx @ http://localhost:3000/_next/static/chunks/node_modules_next_dist_0u_w_5s._.js:1945
[  104543ms] [ERROR] ./src/components/layout/Footer.tsx:5:1
Export Instagram doesn't exist in target module
  3 | import Link from "next/link";
  4 | import { useParams } from "next/navigation";
> 5 | import { Instagram, Mail, MapPin } from "lucide-react";
    | ^^^^^^^^^^^^^^^^^^^^^^^^^^^^^^^^^^^^^^^^^^^^^^^^^^^^^^^
  6 | import { Locale } from "@/i18n/config";
  7 |
  8 | const FRAUNCES = "var(--font-fraunces), 'Fraunces', Georgia, serif";

The export Instagram was not found in module [project]/node_modules/lucide-react/dist/esm/lucide-react.js [app-ssr] (ecmascript).
Did you mean to import Star?
All exports of the module are statically known (It doesn't have dynamic exports). So it's known statically that the requested export doesn't exist.

Import trace:
  Server Component:
    ./src/components/layout/Footer.tsx
    ./src/app/[lang]/layout.tsx @ http://localhost:3000/_next/static/chunks/node_modules_next_dist_0u_w_5s._.js:1945
[  104612ms] [LOG] [Fast Refresh] rebuilding @ http://localhost:3000/_next/static/chunks/node_modules_next_dist_0u_w_5s._.js:1226
[  125488ms] [LOG] [Fast Refresh] rebuilding @ http://localhost:3000/_next/static/chunks/node_modules_next_dist_0u_w_5s._.js:1226
[  126407ms] [LOG] [Fast Refresh] done in 859ms @ http://localhost:3000/_next/static/chunks/node_modules_next_dist_0u_w_5s._.js:1226
[  127988ms] [ERROR] Failed to load resource: the server responded with a status of 500 (Internal Server Error) @ http://localhost:3000/ka/account/login?callbackUrl=%2Fka%2Fcheckout:0
[  128033ms] [INFO] %cDownload the React DevTools for a better development experience: https://react.dev/link/react-devtools font-weight:bold @ http://localhost:3000/_next/static/chunks/node_modules_next_dist_115brz8._.js:2431
[  128050ms] [LOG] [HMR] connected @ http://localhost:3000/_next/static/chunks/node_modules_next_dist_115brz8._.js:2431
[  128271ms] ReferenceError: Instagram is not defined
    at Footer (http://localhost:3000/_next/static/chunks/src_12lwpi3._.js:2545:262)
    at Object.react_stack_bottom_frame (http://localhost:3000/_next/static/chunks/node_modules_next_dist_compiled_react-dom_058-ah~._.js:15037:24)
    at renderWithHooks (http://localhost:3000/_next/static/chunks/node_modules_next_dist_compiled_react-dom_058-ah~._.js:4620:24)
    at updateFunctionComponent (http://localhost:3000/_next/static/chunks/node_modules_next_dist_compiled_react-dom_058-ah~._.js:6081:21)
    at beginWork (http://localhost:3000/_next/static/chunks/node_modules_next_dist_compiled_react-dom_058-ah~._.js:6665:639)
    at runWithFiberInDEV (http://localhost:3000/_next/static/chunks/node_modules_next_dist_compiled_react-dom_058-ah~._.js:965:74)
    at performUnitOfWork (http://localhost:3000/_next/static/chunks/node_modules_next_dist_compiled_react-dom_058-ah~._.js:9555:97)
    at workLoopSync (http://localhost:3000/_next/static/chunks/node_modules_next_dist_compiled_react-dom_058-ah~._.js:9449:40)
    at renderRootSync (http://localhost:3000/_next/static/chunks/node_modules_next_dist_compiled_react-dom_058-ah~._.js:9433:13)
    at performWorkOnRoot (http://localhost:3000/_next/static/chunks/node_modules_next_dist_compiled_react-dom_058-ah~._.js:9098:47)
    at performWorkOnRootViaSchedulerTask (http://localhost:3000/_next/static/chunks/node_modules_next_dist_compiled_react-dom_058-ah~._.js:10255:9)
    at MessagePort.performWorkUntilDeadline (http://localhost:3000/_next/static/chunks/node_modules_next_dist_compiled_0rpq4pf._.js:2647:64)
[  129937ms] [LOG] [Fast Refresh] rebuilding @ http://localhost:3000/_next/static/chunks/node_modules_next_dist_115brz8._.js:2431
[  129940ms] [WARNING] [Fast Refresh] performing full reload because your application had an unrecoverable error @ http://localhost:3000/_next/static/chunks/node_modules_next_dist_115brz8._.js:2431
[  129971ms] [LOG] [Fast Refresh] done in 35ms @ http://localhost:3000/_next/static/chunks/node_modules_next_dist_115brz8._.js:2431
[  130211ms] [INFO] %cDownload the React DevTools for a better development experience: https://react.dev/link/react-devtools font-weight:bold @ http://localhost:3000/_next/static/chunks/node_modules_next_dist_115brz8._.js:2431
[  130243ms] [LOG] [HMR] connected @ http://localhost:3000/_next/static/chunks/node_modules_next_dist_115brz8._.js:2431
[  130307ms] [VERBOSE] [DOM] Input elements should have autocomplete attributes (suggested: "current-password"): (More info: https://goo.gl/9p2vKq) %o @ http://localhost:3000/ka/account/login?callbackUrl=%2Fka%2Fcheckout:0
