[     438ms] [INFO] %cDownload the React DevTools for a better development experience: https://react.dev/link/react-devtools font-weight:bold @ http://localhost:3000/_next/static/chunks/node_modules_next_dist_115brz8._.js:2431
[     521ms] [LOG] [HMR] connected @ http://localhost:3000/_next/static/chunks/node_modules_next_dist_115brz8._.js:2431
[     726ms] Error: Hydration failed because the server rendered HTML didn't match the client. As a result this tree will be regenerated on the client. This can happen if a SSR-ed Client Component used:

- A server/client branch `if (typeof window !== 'undefined')`.
- Variable input such as `Date.now()` or `Math.random()` which changes each time it's called.
- Date formatting in a user's locale which doesn't match the server.
- External changing data without sending a snapshot of it along with the HTML.
- Invalid HTML tag nesting.

It can also happen if the client has a browser extension installed which messes with the HTML before React loaded.

https://react.dev/link/hydration-mismatch

  ...
    <SegmentViewNode type="page" pagePath="[lang]/sho...">
      <SegmentTrieNode>
      <ShopPage>
        <Suspense fallback={<div>}>
          ...
            <div style={{...}}>
              <section>
              <div className="flex" style={{...}}>
                <div>
                <aside>
                <main className="flex-1 px-...">
                  <nav>
                  <div className="relative">
                    <div className="flex flex-...">
                      <div className="flex-1 fle...">
                        <ShopCard product={{id:"31",code:"FD1", ...}} index={0} lang="en" isKa={false} ...>
                          <motion.div initial={{opacity:0,y:48}} whileInView={{opacity:1,y:0}} ...>
                            <div className="flex flex-col" onMouseEnter={function onMouseEnter} ...>
                              <div className="relative w..." style={{...}}>
                                <svg>
                                <LinkComponent>
                                <button
                                  onClick={function openEditor}
                                  aria-label="Adjust photo position"
                                  style={{
+                                   position: "absolute"
-                                   position: "absolute"
+                                   bottom: 10
+                                   right: 10
-                                   right: "8px"
+                                   zIndex: 3
+                                   opacity: 0.55
-                                   opacity: "0"
+                                   transition: "opacity 0.2s, transform 0.15s"
+                                   transform: "scale(1)"
+                                   background: "rgba(255,255,255,0.92)"
+                                   border: "1.5px solid #c9a86c"
+                                   borderRadius: 999
+                                   padding: "5px 11px"
+                                   display: "flex"
-                                   display: "flex"
+                                   alignItems: "center"
+                                   gap: 5
+                                   cursor: "pointer"
-                                   cursor: "pointer"
+                                   fontSize: 11
+                                   fontFamily: "var(--font-fraunces), 'Fraunces', Georgia, serif"
+                                   fontWeight: 700
+                                   color: "#2a1d14"
+                                   boxShadow: "0 2px 10px rgba(0,0,0,0.16)"
+                                   whiteSpace: "nowrap"
-                                   top: "8px"
-                                   z-index: "3"
-                                   pointer-events: "none"
-                                   transition-behavior: "normal"
-                                   transition-duration: "0.2s"
-                                   transition-timing-function: "ease"
-                                   transition-delay: "0s"
-                                   transition-property: "opacity"
-                                   background-image: "initial"
-                                   background-position-x: "initial"
-                                   background-position-y: "initial"
-                                   background-size: "initial"
-                                   background-repeat: "initial"
-                                   background-attachment: "initial"
-                                   background-origin: "initial"
-                                   background-clip: "initial"
-                                   background-color: "rgba(255, 255, 255, 0.88)"
-                                   border-top-width: "medium"
-                                   border-right-width: "medium"
-                                   border-bottom-width: "medium"
-                                   border-left-width: "medium"
-                                   border-top-style: "none"
-                                   border-right-style: "none"
-                                   border-bottom-style: "none"
-                                   border-left-style: "none"
-                                   border-top-color: "currentcolor"
-                                   border-right-color: "currentcolor"
-                                   border-bottom-color: "currentcolor"
-                                   border-left-color: "currentcolor"
-                                   border-image-source: "initial"
-                                   border-image-slice: "initial"
-                                   border-image-width: "initial"
-                                   border-image-outset: "initial"
-                                   border-image-repeat: "initial"
-                                   border-top-left-radius: "50%"
-                                   border-top-right-radius: "50%"
-                                   border-bottom-right-radius: "50%"
-                                   border-bottom-left-radius: "50%"
-                                   width: "34px"
-                                   height: "34px"
-                                   align-items: "center"
-                                   justify-content: "center"
-                                   font-size: "15px"
-                                   box-shadow: "rgba(0, 0, 0, 0.14) 0px 2px 8px"
                                  }}
                                >
+                                 <span style={{fontSize:13}}>
-                                 ✎
                                  ...
                              ...
                        ...
                      ...
                    ...

    at throwOnHydrationMismatch (http://localhost:3000/_next/static/chunks/node_modules_next_dist_compiled_react-dom_058-ah~._.js:3318:56)
    at beginWork (http://localhost:3000/_next/static/chunks/node_modules_next_dist_compiled_react-dom_058-ah~._.js:6758:918)
    at runWithFiberInDEV (http://localhost:3000/_next/static/chunks/node_modules_next_dist_compiled_react-dom_058-ah~._.js:965:74)
    at performUnitOfWork (http://localhost:3000/_next/static/chunks/node_modules_next_dist_compiled_react-dom_058-ah~._.js:9555:97)
    at workLoopConcurrentByScheduler (http://localhost:3000/_next/static/chunks/node_modules_next_dist_compiled_react-dom_058-ah~._.js:9551:58)
    at renderRootConcurrent (http://localhost:3000/_next/static/chunks/node_modules_next_dist_compiled_react-dom_058-ah~._.js:9534:71)
    at performWorkOnRoot (http://localhost:3000/_next/static/chunks/node_modules_next_dist_compiled_react-dom_058-ah~._.js:9061:150)
    at performWorkOnRootViaSchedulerTask (http://localhost:3000/_next/static/chunks/node_modules_next_dist_compiled_react-dom_058-ah~._.js:10255:9)
    at MessagePort.performWorkUntilDeadline (http://localhost:3000/_next/static/chunks/node_modules_next_dist_compiled_0rpq4pf._.js:2647:64)
[     732ms] [LOG] [Fast Refresh] rebuilding @ http://localhost:3000/_next/static/chunks/node_modules_next_dist_115brz8._.js:2431
[     942ms] [LOG] [Fast Refresh] done in 323ms @ http://localhost:3000/_next/static/chunks/node_modules_next_dist_115brz8._.js:2431
[   36431ms] [LOG] [Fast Refresh] rebuilding @ http://localhost:3000/_next/static/chunks/node_modules_next_dist_115brz8._.js:2431
[   36436ms] [LOG] [Fast Refresh] done in 106ms @ http://localhost:3000/_next/static/chunks/node_modules_next_dist_115brz8._.js:2431
[  317114ms] [LOG] [Fast Refresh] rebuilding @ http://localhost:3000/_next/static/chunks/node_modules_next_dist_115brz8._.js:2431
[  317202ms] ReferenceError: svgRef is not defined
    at ShopCard (http://localhost:3000/_next/static/chunks/src_app_%5Blang%5D_shop_ShopClient_tsx_0mvjcd1._.js?id=%255Bproject%255D%252Fsrc%252Fapp%252F%255Blang%255D%252Fshop%252FShopClient.tsx+%255Bapp-client%255D+%2528ecmascript%2529:2089:30)
    at Object.react_stack_bottom_frame (http://localhost:3000/_next/static/chunks/node_modules_next_dist_compiled_react-dom_058-ah~._.js:15037:24)
    at renderWithHooks (http://localhost:3000/_next/static/chunks/node_modules_next_dist_compiled_react-dom_058-ah~._.js:4620:24)
    at updateFunctionComponent (http://localhost:3000/_next/static/chunks/node_modules_next_dist_compiled_react-dom_058-ah~._.js:6081:21)
    at beginWork (http://localhost:3000/_next/static/chunks/node_modules_next_dist_compiled_react-dom_058-ah~._.js:6691:24)
    at runWithFiberInDEV (http://localhost:3000/_next/static/chunks/node_modules_next_dist_compiled_react-dom_058-ah~._.js:965:74)
    at performUnitOfWork (http://localhost:3000/_next/static/chunks/node_modules_next_dist_compiled_react-dom_058-ah~._.js:9555:97)
    at workLoopSync (http://localhost:3000/_next/static/chunks/node_modules_next_dist_compiled_react-dom_058-ah~._.js:9449:40)
    at renderRootSync (http://localhost:3000/_next/static/chunks/node_modules_next_dist_compiled_react-dom_058-ah~._.js:9433:13)
    at performWorkOnRoot (http://localhost:3000/_next/static/chunks/node_modules_next_dist_compiled_react-dom_058-ah~._.js:9098:47)
    at performSyncWorkOnRoot (http://localhost:3000/_next/static/chunks/node_modules_next_dist_compiled_react-dom_058-ah~._.js:10263:9)
    at flushSyncWorkAcrossRoots_impl (http://localhost:3000/_next/static/chunks/node_modules_next_dist_compiled_react-dom_058-ah~._.js:10179:316)
    at flushSyncWork$1 (http://localhost:3000/_next/static/chunks/node_modules_next_dist_compiled_react-dom_058-ah~._.js:9230:86)
    at Object.scheduleRefresh (http://localhost:3000/_next/static/chunks/node_modules_next_dist_compiled_react-dom_058-ah~._.js:299:13)
    at http://localhost:3000/_next/static/chunks/node_modules_next_dist_compiled_0rpq4pf._.js:391:33
    at Set.forEach (<anonymous>)
    at Object.performReactRefresh (http://localhost:3000/_next/static/chunks/node_modules_next_dist_compiled_0rpq4pf._.js:384:38)
    at applyUpdate (http://localhost:3000/_next/static/chunks/node_modules_next_dist_compiled_0rpq4pf._.js:878:31)
    at http://localhost:3000/_next/static/chunks/node_modules_next_dist_compiled_0rpq4pf._.js:886:13
[  317207ms] [LOG] [Fast Refresh] done in 120ms @ http://localhost:3000/_next/static/chunks/node_modules_next_dist_115brz8._.js:2431
[  352822ms] [LOG] [Fast Refresh] rebuilding @ http://localhost:3000/_next/static/chunks/node_modules_next_dist_115brz8._.js:2431
[  352828ms] [WARNING] [Fast Refresh] performing full reload because your application had an unrecoverable error @ http://localhost:3000/_next/static/chunks/node_modules_next_dist_115brz8._.js:2431
[  352901ms] [LOG] [Fast Refresh] done in 99ms @ http://localhost:3000/_next/static/chunks/node_modules_next_dist_115brz8._.js:2431
[  353300ms] [INFO] %cDownload the React DevTools for a better development experience: https://react.dev/link/react-devtools font-weight:bold @ http://localhost:3000/_next/static/chunks/node_modules_next_dist_115brz8._.js:2431
[  353320ms] [LOG] [HMR] connected @ http://localhost:3000/_next/static/chunks/node_modules_next_dist_115brz8._.js:2431
[  353463ms] Error: Hydration failed because the server rendered HTML didn't match the client. As a result this tree will be regenerated on the client. This can happen if a SSR-ed Client Component used:

- A server/client branch `if (typeof window !== 'undefined')`.
- Variable input such as `Date.now()` or `Math.random()` which changes each time it's called.
- Date formatting in a user's locale which doesn't match the server.
- External changing data without sending a snapshot of it along with the HTML.
- Invalid HTML tag nesting.

It can also happen if the client has a browser extension installed which messes with the HTML before React loaded.

https://react.dev/link/hydration-mismatch

  ...
    <ShopPage>
      <Suspense fallback={<div>}>
        ...
          <div style={{...}}>
            <section>
            <div className="flex" style={{...}}>
              <div>
              <aside>
              <main className="flex-1 px-...">
                <nav>
                <div className="relative">
                  <div className="flex flex-...">
                    <div className="flex-1 fle...">
                      <ShopCard product={{id:"31",code:"FD1", ...}} index={0} lang="en" isKa={false} ...>
                        <motion.div initial={{opacity:0,y:48}} whileInView={{opacity:1,y:0}} viewport={{once:true, ...}} ...>
                          <div className="flex flex-col" onMouseEnter={function onMouseEnter} ...>
                            <LinkComponent href="/en/produc..." className="relative w..." style={{...}}>
+                             <a
+                               className="relative w-full"
+                               style={{aspectRatio:"1 / 1"}}
+                               ref={function}
+                               onClick={function onClick}
+                               onMouseEnter={function onMouseEnter}
+                               onTouchStart={function onTouchStart}
+                               href="/en/product/31"
+                             >
-                             <div className="relative w-full" style={{aspect-ratio:"1 / 1"}}>
                            ...
                      ...
                    ...
                  ...

    at throwOnHydrationMismatch (http://localhost:3000/_next/static/chunks/node_modules_next_dist_compiled_react-dom_058-ah~._.js:3318:56)
    at beginWork (http://localhost:3000/_next/static/chunks/node_modules_next_dist_compiled_react-dom_058-ah~._.js:6758:918)
    at runWithFiberInDEV (http://localhost:3000/_next/static/chunks/node_modules_next_dist_compiled_react-dom_058-ah~._.js:965:74)
    at performUnitOfWork (http://localhost:3000/_next/static/chunks/node_modules_next_dist_compiled_react-dom_058-ah~._.js:9555:97)
    at workLoopConcurrentByScheduler (http://localhost:3000/_next/static/chunks/node_modules_next_dist_compiled_react-dom_058-ah~._.js:9551:58)
    at renderRootConcurrent (http://localhost:3000/_next/static/chunks/node_modules_next_dist_compiled_react-dom_058-ah~._.js:9534:71)
    at performWorkOnRoot (http://localhost:3000/_next/static/chunks/node_modules_next_dist_compiled_react-dom_058-ah~._.js:9061:150)
    at performWorkOnRootViaSchedulerTask (http://localhost:3000/_next/static/chunks/node_modules_next_dist_compiled_react-dom_058-ah~._.js:10255:9)
    at MessagePort.performWorkUntilDeadline (http://localhost:3000/_next/static/chunks/node_modules_next_dist_compiled_0rpq4pf._.js:2647:64)
[  362689ms] [LOG] [Fast Refresh] rebuilding @ http://localhost:3000/_next/static/chunks/node_modules_next_dist_115brz8._.js:2431
[  362719ms] [LOG] [Fast Refresh] done in 131ms @ http://localhost:3000/_next/static/chunks/node_modules_next_dist_115brz8._.js:2431
