[     264ms] [INFO] %cDownload the React DevTools for a better development experience: https://react.dev/link/react-devtools font-weight:bold @ http://localhost:3000/_next/static/chunks/node_modules_next_dist_115brz8._.js:2431
[     280ms] [LOG] [HMR] connected @ http://localhost:3000/_next/static/chunks/node_modules_next_dist_115brz8._.js:2431
[     441ms] Error: Hydration failed because the server rendered HTML didn't match the client. As a result this tree will be regenerated on the client. This can happen if a SSR-ed Client Component used:

- A server/client branch `if (typeof window !== 'undefined')`.
- Variable input such as `Date.now()` or `Math.random()` which changes each time it's called.
- Date formatting in a user's locale which doesn't match the server.
- External changing data without sending a snapshot of it along with the HTML.
- Invalid HTML tag nesting.

It can also happen if the client has a browser extension installed which messes with the HTML before React loaded.

https://react.dev/link/hydration-mismatch

  ...
    <LoadingBoundary name="/" loading={null}>
      <HTTPAccessFallbackBoundary notFound={{...}} forbidden={undefined} unauthorized={undefined}>
        <HTTPAccessFallbackErrorBoundary pathname="/en/shop" notFound={{...}} forbidden={undefined} ...>
          <RedirectBoundary>
            <RedirectErrorBoundary router={{...}}>
              <InnerLayoutRouter url="/en/shop" tree={[...]} params={{lang:"en"}} cacheNode={{rsc:{...}, ...}} ...>
                <SegmentViewNode type="layout" pagePath="[lang]/lay...">
                  <SegmentTrieNode>
                  <link>
                  <script>
                  <script>
                  <script>
                  <script>
                  <script>
                  <script>
                  <script>
                  <script>
                  <RootLayout>
                    <html lang="en" className="nunito_56e...">
                      <body className="min-h-scre...">
                        <Navbar lang="en" dictionary={{nav:{...}, ...}}>
                          <header className="sticky top..." style={{...}}>
                            <div>
                            <div className="hidden md:...">
                              <div
+                               className="flex items-center gap-2"
-                               className="flex items-center gap-1"
                              >
                                <div className="relative" ref={{current:null}}>
                                  <button
                                    type="button"
                                    onClick={function onClick}
+                                   className="flex items-center gap-1.5 px-3.5 py-2 text-[14px] rounded-full transiti..."
-                                   className="flex items-center gap-1 px-3 py-2 text-[12px] font-extrabold uppercase ..."
                                    style={{
+                                     fontFamily: "var(--font-fraunces), 'Fraunces', Georgia, serif"
+                                     fontWeight: 600
+                                     letterSpacing: "0.01em"
+                                     color: "#2a1d14"
-                                     color: "rgb(42, 29, 20)"
-                                     font-family: "var(--font-fraunces), 'Fraunces', Georgia, serif"
-                                     background-image: "initial"
-                                     background-position-x: "initial"
-                                     background-position-y: "initial"
-                                     background-size: "initial"
-                                     background-repeat: "initial"
-                                     background-attachment: "initial"
-                                     background-origin: "initial"
-                                     background-clip: "initial"
-                                     background-color: "transparent"
                                    }}
                                  >
+                                   <span>
-                                   Shop
                                    ...
                                  ...
                                ...
                              ...
                            ...
                        ...
              ...

    at throwOnHydrationMismatch (http://localhost:3000/_next/static/chunks/node_modules_next_dist_compiled_react-dom_058-ah~._.js:3318:56)
    at beginWork (http://localhost:3000/_next/static/chunks/node_modules_next_dist_compiled_react-dom_058-ah~._.js:6758:918)
    at runWithFiberInDEV (http://localhost:3000/_next/static/chunks/node_modules_next_dist_compiled_react-dom_058-ah~._.js:965:74)
    at performUnitOfWork (http://localhost:3000/_next/static/chunks/node_modules_next_dist_compiled_react-dom_058-ah~._.js:9555:97)
    at workLoopConcurrentByScheduler (http://localhost:3000/_next/static/chunks/node_modules_next_dist_compiled_react-dom_058-ah~._.js:9551:58)
    at renderRootConcurrent (http://localhost:3000/_next/static/chunks/node_modules_next_dist_compiled_react-dom_058-ah~._.js:9534:71)
    at performWorkOnRoot (http://localhost:3000/_next/static/chunks/node_modules_next_dist_compiled_react-dom_058-ah~._.js:9061:150)
    at performWorkOnRootViaSchedulerTask (http://localhost:3000/_next/static/chunks/node_modules_next_dist_compiled_react-dom_058-ah~._.js:10255:9)
    at MessagePort.performWorkUntilDeadline (http://localhost:3000/_next/static/chunks/node_modules_next_dist_compiled_0rpq4pf._.js:2647:64)
[    4088ms] [LOG] [Fast Refresh] rebuilding @ http://localhost:3000/_next/static/chunks/node_modules_next_dist_115brz8._.js:2431
[    4124ms] [LOG] [Fast Refresh] done in 135ms @ http://localhost:3000/_next/static/chunks/node_modules_next_dist_115brz8._.js:2431
[  272944ms] [LOG] [Fast Refresh] rebuilding @ http://localhost:3000/_next/static/chunks/node_modules_next_dist_115brz8._.js:2431
[  274209ms] [ERROR] ./src/components/layout/Navbar.tsx:396:1
Unexpected token. Did you mean `{'}'}` or `&rbrace;`?
  394 |     </header>
  395 |   );
> 396 | }
      | ^
  397 |

Parsing ecmascript source code failed

Import trace:
  Server Component:
    ./src/components/layout/Navbar.tsx
    ./src/app/[lang]/layout.tsx @ http://localhost:3000/_next/static/chunks/node_modules_next_dist_115brz8._.js:3272
[  274412ms] [ERROR] ./src/components/layout/Navbar.tsx:396:1
Unexpected token. Did you mean `{'}'}` or `&rbrace;`?
  394 |     </header>
  395 |   );
> 396 | }
      | ^
  397 |

Parsing ecmascript source code failed

Import trace:
  Server Component:
    ./src/components/layout/Navbar.tsx
    ./src/app/[lang]/layout.tsx @ http://localhost:3000/_next/static/chunks/node_modules_next_dist_115brz8._.js:3272
[  274419ms] [LOG] [Fast Refresh] rebuilding @ http://localhost:3000/_next/static/chunks/node_modules_next_dist_115brz8._.js:2431
[  274494ms] [ERROR] ./src/components/layout/Navbar.tsx:396:1
Unexpected token. Did you mean `{'}'}` or `&rbrace;`?
  394 |     </header>
  395 |   );
> 396 | }
      | ^
  397 |

Parsing ecmascript source code failed

Import trace:
  Server Component:
    ./src/components/layout/Navbar.tsx
    ./src/app/[lang]/layout.tsx @ http://localhost:3000/_next/static/chunks/node_modules_next_dist_115brz8._.js:3272
[  274595ms] [LOG] [Fast Refresh] rebuilding @ http://localhost:3000/_next/static/chunks/node_modules_next_dist_115brz8._.js:2431
[  275335ms] [ERROR] ./src/components/layout/Navbar.tsx:396:1
Unexpected token. Did you mean `{'}'}` or `&rbrace;`?
  394 |     </header>
  395 |   );
> 396 | }
      | ^
  397 |

Parsing ecmascript source code failed

Import trace:
  Server Component:
    ./src/components/layout/Navbar.tsx
    ./src/app/[lang]/layout.tsx @ http://localhost:3000/_next/static/chunks/node_modules_next_dist_115brz8._.js:3272
[  275437ms] [LOG] [Fast Refresh] rebuilding @ http://localhost:3000/_next/static/chunks/node_modules_next_dist_115brz8._.js:2431
[  275953ms] [ERROR] ./src/components/layout/Navbar.tsx:396:1
Unexpected token. Did you mean `{'}'}` or `&rbrace;`?
  394 |     </header>
  395 |   );
> 396 | }
      | ^
  397 |

Parsing ecmascript source code failed

Import trace:
  Server Component:
    ./src/components/layout/Navbar.tsx
    ./src/app/[lang]/layout.tsx @ http://localhost:3000/_next/static/chunks/node_modules_next_dist_115brz8._.js:3272
[  275958ms] [ERROR] Failed to load resource: the server responded with a status of 500 (Internal Server Error) @ http://localhost:3000/en/shop?_rsc=17ozm:0
[  276065ms] [ERROR] Failed to load resource: the server responded with a status of 500 (Internal Server Error) @ http://localhost:3000/en/shop?_rsc=17ozm:0
[  276090ms] [ERROR] ./src/components/layout/Navbar.tsx:396:1
Unexpected token. Did you mean `{'}'}` or `&rbrace;`?
  394 |     </header>
  395 |   );
> 396 | }
      | ^
  397 |

Parsing ecmascript source code failed

Import trace:
  Server Component:
    ./src/components/layout/Navbar.tsx
    ./src/app/[lang]/layout.tsx @ http://localhost:3000/_next/static/chunks/node_modules_next_dist_115brz8._.js:3272
[  276150ms] [ERROR] Failed to load resource: the server responded with a status of 500 (Internal Server Error) @ http://localhost:3000/en/shop?_rsc=17ozm:0
[  276157ms] [ERROR] Failed to load resource: the server responded with a status of 500 (Internal Server Error) @ http://localhost:3000/en/shop:0
[  276330ms] [INFO] %cDownload the React DevTools for a better development experience: https://react.dev/link/react-devtools font-weight:bold @ http://localhost:3000/_next/static/chunks/node_modules_react-dom_0bruynb._.js:15305
[  276394ms] Error: ./src/components/layout/Navbar.tsx:396:1
Unexpected token. Did you mean `{'}'}` or `&rbrace;`?
  394 |     </header>
  395 |   );
> 396 | }
      | ^
  397 |

Parsing ecmascript source code failed

Import trace:
  Server Component:
    ./src/components/layout/Navbar.tsx
    ./src/app/[lang]/layout.tsx


    at <unknown> (Error: ./src/components/layout/Navbar.tsx:396:1)
    at Object.getCompilationErrors (file:///Users/giokhukhia/Desktop/tissu webpage/node_modules/next/dist/server/dev/hot-reloader-turbopack.js:1189:59)
    at DevBundlerService.getCompilationError (file:///Users/giokhukhia/Desktop/tissu webpage/node_modules/next/dist/server/lib/dev-bundler-service.js:44:55)
    at DevServer.getCompilationError (file:///Users/giokhukhia/Desktop/tissu webpage/node_modules/next/dist/server/dev/next-dev-server.js:719:42)
    at DevServer.findPageComponents (file:///Users/giokhukhia/Desktop/tissu webpage/node_modules/next/dist/server/dev/next-dev-server.js:689:43)
    at async DevServer.renderErrorToResponseImpl (file:///Users/giokhukhia/Desktop/tissu webpage/node_modules/next/dist/server/base-server.js:1745:26)
[  276449ms] [LOG] [HMR] connected @ http://localhost:3000/_next/static/chunks/node_modules_next_dist_0u_w_5s._.js:1226
[  276466ms] [ERROR] ./src/components/layout/Navbar.tsx:396:1
Unexpected token. Did you mean `{'}'}` or `&rbrace;`?
  394 |     </header>
  395 |   );
> 396 | }
      | ^
  397 |

Parsing ecmascript source code failed

Import trace:
  Server Component:
    ./src/components/layout/Navbar.tsx
    ./src/app/[lang]/layout.tsx @ http://localhost:3000/_next/static/chunks/node_modules_next_dist_0u_w_5s._.js:1945
[  276466ms] [ERROR] ./src/components/layout/Navbar.tsx:396:1
Unexpected token. Did you mean `{'}'}` or `&rbrace;`?
  394 |     </header>
  395 |   );
> 396 | }
      | ^
  397 |

Parsing ecmascript source code failed

Import trace:
  Server Component:
    ./src/components/layout/Navbar.tsx
    ./src/app/[lang]/layout.tsx @ http://localhost:3000/_next/static/chunks/node_modules_next_dist_0u_w_5s._.js:1945
[  276467ms] [ERROR] ./src/components/layout/Navbar.tsx:396:1
Unexpected token. Did you mean `{'}'}` or `&rbrace;`?
  394 |     </header>
  395 |   );
> 396 | }
      | ^
  397 |

Parsing ecmascript source code failed

Import trace:
  Server Component:
    ./src/components/layout/Navbar.tsx
    ./src/app/[lang]/layout.tsx @ http://localhost:3000/_next/static/chunks/node_modules_next_dist_0u_w_5s._.js:1945
[  276483ms] [ERROR] ./src/components/layout/Navbar.tsx:396:1
Unexpected token. Did you mean `{'}'}` or `&rbrace;`?
  394 |     </header>
  395 |   );
> 396 | }
      | ^
  397 |

Parsing ecmascript source code failed

Import trace:
  Server Component:
    ./src/components/layout/Navbar.tsx
    ./src/app/[lang]/layout.tsx @ http://localhost:3000/_next/static/chunks/node_modules_next_dist_0u_w_5s._.js:1945
[  276580ms] [ERROR] ./src/components/layout/Navbar.tsx:396:1
Unexpected token. Did you mean `{'}'}` or `&rbrace;`?
  394 |     </header>
  395 |   );
> 396 | }
      | ^
  397 |

Parsing ecmascript source code failed

Import trace:
  Server Component:
    ./src/components/layout/Navbar.tsx
    ./src/app/[lang]/layout.tsx @ http://localhost:3000/_next/static/chunks/node_modules_next_dist_0u_w_5s._.js:1945
[  276585ms] [LOG] [Fast Refresh] rebuilding @ http://localhost:3000/_next/static/chunks/node_modules_next_dist_0u_w_5s._.js:1226
[  276701ms] [ERROR] ./src/components/layout/Navbar.tsx:396:1
Unexpected token. Did you mean `{'}'}` or `&rbrace;`?
  394 |     </header>
  395 |   );
> 396 | }
      | ^
  397 |

Parsing ecmascript source code failed

Import trace:
  Server Component:
    ./src/components/layout/Navbar.tsx
    ./src/app/[lang]/layout.tsx @ http://localhost:3000/_next/static/chunks/node_modules_next_dist_0u_w_5s._.js:1945
[  276754ms] [LOG] [Fast Refresh] rebuilding @ http://localhost:3000/_next/static/chunks/node_modules_next_dist_0u_w_5s._.js:1226
[  288744ms] [LOG] [Fast Refresh] rebuilding @ http://localhost:3000/_next/static/chunks/node_modules_next_dist_0u_w_5s._.js:1226
[  289009ms] [LOG] [Fast Refresh] done in 365ms @ http://localhost:3000/_next/static/chunks/node_modules_next_dist_0u_w_5s._.js:1226
[  289356ms] [LOG] [Fast Refresh] rebuilding @ http://localhost:3000/_next/static/chunks/node_modules_next_dist_0u_w_5s._.js:1226
[  289383ms] [LOG] [Fast Refresh] done in 133ms @ http://localhost:3000/_next/static/chunks/node_modules_next_dist_0u_w_5s._.js:1226
[  290349ms] [INFO] %cDownload the React DevTools for a better development experience: https://react.dev/link/react-devtools font-weight:bold @ http://localhost:3000/_next/static/chunks/node_modules_next_dist_115brz8._.js:2431
[  290389ms] [LOG] [HMR] connected @ http://localhost:3000/_next/static/chunks/node_modules_next_dist_115brz8._.js:2431
