[     328ms] [INFO] %cDownload the React DevTools for a better development experience: https://react.dev/link/react-devtools font-weight:bold @ http://localhost:3000/_next/static/chunks/node_modules_next_dist_115brz8._.js:2431
[     357ms] [LOG] [HMR] connected @ http://localhost:3000/_next/static/chunks/node_modules_next_dist_115brz8._.js:2431
[     471ms] [WARNING] Image with src "/static/landing-bag-yellow.jpg" has "fill" but is missing "sizes" prop. Please add it to improve page performance. Read more: https://nextjs.org/docs/api-reference/next/image#sizes @ http://localhost:3000/_next/static/chunks/node_modules_next_dist_115brz8._.js:2431
[     545ms] [LOG] [Fast Refresh] rebuilding @ http://localhost:3000/_next/static/chunks/node_modules_next_dist_115brz8._.js:2431
[     627ms] [LOG] [Fast Refresh] done in 183ms @ http://localhost:3000/_next/static/chunks/node_modules_next_dist_115brz8._.js:2431
[   15465ms] [WARNING] Image with src "/static/landing-bag-blue.jpg" has "fill" but is missing "sizes" prop. Please add it to improve page performance. Read more: https://nextjs.org/docs/api-reference/next/image#sizes @ http://localhost:3000/_next/static/chunks/node_modules_next_dist_115brz8._.js:2431
[   15510ms] [WARNING] Image with src "/static/landing-bag-striped.png" has "fill" but is missing "sizes" prop. Please add it to improve page performance. Read more: https://nextjs.org/docs/api-reference/next/image#sizes @ http://localhost:3000/_next/static/chunks/node_modules_next_dist_115brz8._.js:2431
[   15525ms] [WARNING] Image with src "/static/landing-bag-blue.jpg" was detected as the Largest Contentful Paint (LCP). Please add the `loading="eager"` property if this image is above the fold.
Read more: https://nextjs.org/docs/app/api-reference/components/image#loading @ http://localhost:3000/_next/static/chunks/node_modules_next_dist_115brz8._.js:2431
[   36361ms] [LOG] [Fast Refresh] rebuilding @ http://localhost:3000/_next/static/chunks/node_modules_next_dist_115brz8._.js:2431
[   36363ms] [LOG] [Fast Refresh] done in 102ms @ http://localhost:3000/_next/static/chunks/node_modules_next_dist_115brz8._.js:2431
[   41679ms] [LOG] [Fast Refresh] rebuilding @ http://localhost:3000/_next/static/chunks/node_modules_next_dist_115brz8._.js:2431
[   41864ms] [ERROR] ./src/app/[lang]/HomeClient.tsx:361:24
Expected '</', got 'jsx text'
  359 |                 : "Six new shapes, three fabrics, one promise: every stitch tied by a rea...
  360 |             </p>
> 361 |           </motion.div>
      |                        ^^^^^^^^^^^^^^^^^^^^^^^^^^^^^^^^^^^^^^^^^^^^^^^^^^^^^^^^^^^^^^^^^^^^^
> 362 |
      | ^
> 363 |           <div className="flex flex-wrap gap-2.5 mb-9">
      | ^^^^^^^^^^
  364 |             {filters.map((f) => (
  365 |               <button
  366 |                 key={f.key}

Parsing ecmascript source code failed

Import trace:
  Server Component:
    ./src/app/[lang]/HomeClient.tsx
    ./src/app/[lang]/page.tsx @ http://localhost:3000/_next/static/chunks/node_modules_next_dist_115brz8._.js:3272
[   42261ms] [LOG] [Fast Refresh] rebuilding @ http://localhost:3000/_next/static/chunks/node_modules_next_dist_115brz8._.js:2431
[   42262ms] [ERROR] ./src/app/[lang]/HomeClient.tsx:361:24
Expected '</', got 'jsx text'
  359 |                 : "Six new shapes, three fabrics, one promise: every stitch tied by a rea...
  360 |             </p>
> 361 |           </motion.div>
      |                        ^^^^^^^^^^^^^^^^^^^^^^^^^^^^^^^^^^^^^^^^^^^^^^^^^^^^^^^^^^^^^^^^^^^^^
> 362 |
      | ^
> 363 |           <div className="flex flex-wrap gap-2.5 mb-9">
      | ^^^^^^^^^^
  364 |             {filters.map((f) => (
  365 |               <button
  366 |                 key={f.key}

Parsing ecmascript source code failed

Import trace:
  Server Component:
    ./src/app/[lang]/HomeClient.tsx
    ./src/app/[lang]/page.tsx @ http://localhost:3000/_next/static/chunks/node_modules_next_dist_115brz8._.js:3272
[   42305ms] [ERROR] Failed to load resource: the server responded with a status of 500 (Internal Server Error) @ http://localhost:3000/en?_rsc=1qcto:0
[   42781ms] [ERROR] ./src/app/[lang]/HomeClient.tsx:361:24
Expected '</', got 'jsx text'
  359 |                 : "Six new shapes, three fabrics, one promise: every stitch tied by a rea...
  360 |             </p>
> 361 |           </motion.div>
      |                        ^^^^^^^^^^^^^^^^^^^^^^^^^^^^^^^^^^^^^^^^^^^^^^^^^^^^^^^^^^^^^^^^^^^^^
> 362 |
      | ^
> 363 |           <div className="flex flex-wrap gap-2.5 mb-9">
      | ^^^^^^^^^^
  364 |             {filters.map((f) => (
  365 |               <button
  366 |                 key={f.key}

Parsing ecmascript source code failed

Import trace:
  Server Component:
    ./src/app/[lang]/HomeClient.tsx
    ./src/app/[lang]/page.tsx @ http://localhost:3000/_next/static/chunks/node_modules_next_dist_115brz8._.js:3272
[   42883ms] [LOG] [Fast Refresh] rebuilding @ http://localhost:3000/_next/static/chunks/node_modules_next_dist_115brz8._.js:2431
[   43137ms] [ERROR] ./src/app/[lang]/HomeClient.tsx:361:24
Expected '</', got 'jsx text'
  359 |                 : "Six new shapes, three fabrics, one promise: every stitch tied by a rea...
  360 |             </p>
> 361 |           </motion.div>
      |                        ^^^^^^^^^^^^^^^^^^^^^^^^^^^^^^^^^^^^^^^^^^^^^^^^^^^^^^^^^^^^^^^^^^^^^
> 362 |
      | ^
> 363 |           <div className="flex flex-wrap gap-2.5 mb-9">
      | ^^^^^^^^^^
  364 |             {filters.map((f) => (
  365 |               <button
  366 |                 key={f.key}

Parsing ecmascript source code failed

Import trace:
  Server Component:
    ./src/app/[lang]/HomeClient.tsx
    ./src/app/[lang]/page.tsx @ http://localhost:3000/_next/static/chunks/node_modules_next_dist_115brz8._.js:3272
[   43138ms] [ERROR] ./src/app/[lang]/HomeClient.tsx:361:24
Expected '</', got 'jsx text'
  359 |                 : "Six new shapes, three fabrics, one promise: every stitch tied by a rea...
  360 |             </p>
> 361 |           </motion.div>
      |                        ^^^^^^^^^^^^^^^^^^^^^^^^^^^^^^^^^^^^^^^^^^^^^^^^^^^^^^^^^^^^^^^^^^^^^
> 362 |
      | ^
> 363 |           <div className="flex flex-wrap gap-2.5 mb-9">
      | ^^^^^^^^^^
  364 |             {filters.map((f) => (
  365 |               <button
  366 |                 key={f.key}

Parsing ecmascript source code failed

Import trace:
  Server Component:
    ./src/app/[lang]/HomeClient.tsx
    ./src/app/[lang]/page.tsx @ http://localhost:3000/_next/static/chunks/node_modules_next_dist_115brz8._.js:3272
[   43157ms] [ERROR] Failed to load resource: the server responded with a status of 500 (Internal Server Error) @ http://localhost:3000/en?_rsc=1qcto:0
[   43260ms] [ERROR] ./src/app/[lang]/HomeClient.tsx:361:24
Expected '</', got 'jsx text'
  359 |                 : "Six new shapes, three fabrics, one promise: every stitch tied by a rea...
  360 |             </p>
> 361 |           </motion.div>
      |                        ^^^^^^^^^^^^^^^^^^^^^^^^^^^^^^^^^^^^^^^^^^^^^^^^^^^^^^^^^^^^^^^^^^^^^
> 362 |
      | ^
> 363 |           <div className="flex flex-wrap gap-2.5 mb-9">
      | ^^^^^^^^^^
  364 |             {filters.map((f) => (
  365 |               <button
  366 |                 key={f.key}

Parsing ecmascript source code failed

Import trace:
  Server Component:
    ./src/app/[lang]/HomeClient.tsx
    ./src/app/[lang]/page.tsx @ http://localhost:3000/_next/static/chunks/node_modules_next_dist_115brz8._.js:3272
[   43276ms] [ERROR] Failed to load resource: the server responded with a status of 500 (Internal Server Error) @ http://localhost:3000/en:0
[   43625ms] [INFO] %cDownload the React DevTools for a better development experience: https://react.dev/link/react-devtools font-weight:bold @ http://localhost:3000/_next/static/chunks/node_modules_react-dom_0bruynb._.js:15305
[   43689ms] Error: ./src/app/[lang]/HomeClient.tsx:361:24
Expected '</', got 'jsx text'
  359 |                 : "Six new shapes, three fabrics, one promise: every stitch tied by a rea...
  360 |             </p>
> 361 |           </motion.div>
      |                        ^^^^^^^^^^^^^^^^^^^^^^^^^^^^^^^^^^^^^^^^^^^^^^^^^^^^^^^^^^^^^^^^^^^^^
> 362 |
      | ^
> 363 |           <div className="flex flex-wrap gap-2.5 mb-9">
      | ^^^^^^^^^^
  364 |             {filters.map((f) => (
  365 |               <button
  366 |                 key={f.key}

Parsing ecmascript source code failed

Import trace:
  Server Component:
    ./src/app/[lang]/HomeClient.tsx
    ./src/app/[lang]/page.tsx


    at <unknown> (Error: ./src/app/[lang]/HomeClient.tsx:361:24)
    at Object.getCompilationErrors (file:///Users/giokhukhia/Desktop/tissu webpage/node_modules/next/dist/server/dev/hot-reloader-turbopack.js:1189:59)
    at DevBundlerService.getCompilationError (file:///Users/giokhukhia/Desktop/tissu webpage/node_modules/next/dist/server/lib/dev-bundler-service.js:44:55)
    at DevServer.getCompilationError (file:///Users/giokhukhia/Desktop/tissu webpage/node_modules/next/dist/server/dev/next-dev-server.js:719:42)
    at DevServer.findPageComponents (file:///Users/giokhukhia/Desktop/tissu webpage/node_modules/next/dist/server/dev/next-dev-server.js:689:43)
    at async DevServer.renderErrorToResponseImpl (file:///Users/giokhukhia/Desktop/tissu webpage/node_modules/next/dist/server/base-server.js:1745:26)
[   43673ms] [LOG] [HMR] connected @ http://localhost:3000/_next/static/chunks/node_modules_next_dist_0u_w_5s._.js:1226
[   43680ms] [ERROR] ./src/app/[lang]/HomeClient.tsx:361:24
Expected '</', got 'jsx text'
  359 |                 : "Six new shapes, three fabrics, one promise: every stitch tied by a rea...
  360 |             </p>
> 361 |           </motion.div>
      |                        ^^^^^^^^^^^^^^^^^^^^^^^^^^^^^^^^^^^^^^^^^^^^^^^^^^^^^^^^^^^^^^^^^^^^^
> 362 |
      | ^
> 363 |           <div className="flex flex-wrap gap-2.5 mb-9">
      | ^^^^^^^^^^
  364 |             {filters.map((f) => (
  365 |               <button
  366 |                 key={f.key}

Parsing ecmascript source code failed

Import trace:
  Server Component:
    ./src/app/[lang]/HomeClient.tsx
    ./src/app/[lang]/page.tsx @ http://localhost:3000/_next/static/chunks/node_modules_next_dist_0u_w_5s._.js:1945
[   43722ms] [ERROR] ./src/app/[lang]/HomeClient.tsx:361:24
Expected '</', got 'jsx text'
  359 |                 : "Six new shapes, three fabrics, one promise: every stitch tied by a rea...
  360 |             </p>
> 361 |           </motion.div>
      |                        ^^^^^^^^^^^^^^^^^^^^^^^^^^^^^^^^^^^^^^^^^^^^^^^^^^^^^^^^^^^^^^^^^^^^^
> 362 |
      | ^
> 363 |           <div className="flex flex-wrap gap-2.5 mb-9">
      | ^^^^^^^^^^
  364 |             {filters.map((f) => (
  365 |               <button
  366 |                 key={f.key}

Parsing ecmascript source code failed

Import trace:
  Server Component:
    ./src/app/[lang]/HomeClient.tsx
    ./src/app/[lang]/page.tsx @ http://localhost:3000/_next/static/chunks/node_modules_next_dist_0u_w_5s._.js:1945
[   43778ms] [LOG] [Fast Refresh] rebuilding @ http://localhost:3000/_next/static/chunks/node_modules_next_dist_0u_w_5s._.js:1226
