[     192ms] [INFO] %cDownload the React DevTools for a better development experience: https://react.dev/link/react-devtools font-weight:bold @ http://localhost:3000/_next/static/chunks/node_modules_next_dist_115brz8._.js:2431
[     236ms] [LOG] [HMR] connected @ http://localhost:3000/_next/static/chunks/node_modules_next_dist_115brz8._.js:2431
[     338ms] Error: Hydration failed because the server rendered HTML didn't match the client. As a result this tree will be regenerated on the client. This can happen if a SSR-ed Client Component used:

- A server/client branch `if (typeof window !== 'undefined')`.
- Variable input such as `Date.now()` or `Math.random()` which changes each time it's called.
- Date formatting in a user's locale which doesn't match the server.
- External changing data without sending a snapshot of it along with the HTML.
- Invalid HTML tag nesting.

It can also happen if the client has a browser extension installed which messes with the HTML before React loaded.

https://react.dev/link/hydration-mismatch

  ...
    <ScrollAndMaybeFocusHandler cacheNode={{rsc:{...}, ...}}>
      <InnerScrollAndFocusHandlerOld focusAndScrollRef={{scrollRef:null, ...}} cacheNode={{rsc:{...}, ...}}>
        <ErrorBoundary errorComponent={undefined} errorStyles={undefined} errorScripts={undefined}>
          <LoadingBoundary name="shop/" loading={null}>
            <HTTPAccessFallbackBoundary notFound={undefined} forbidden={undefined} unauthorized={undefined}>
              <RedirectBoundary>
                <RedirectErrorBoundary router={{...}}>
                  <InnerLayoutRouter url="/en/shop" tree={[...]} params={{lang:"en"}} cacheNode={{rsc:{...}, ...}} ...>
                    <SegmentViewNode type="page" pagePath="[lang]/sho...">
                      <SegmentTrieNode>
                      <ShopPage>
                        <Suspense fallback={{...}}>
                          <ShopClient lang="en" dictionary={{nav:{...}, ...}} products={[...]}>
                            <div style={{...}}>
                              <div
+                               className="container pt-10 pb-1 text-center"
-                               className="container pt-10 pb-2 text-center"
                              >
                              <nav
+                               className="py-7 px-4"
-                               className="py-6 px-4"
                              >
                                <div className="flex flex-...">
                                  <button
                                    onClick={function onClick}
+                                   className="inline-flex items-center gap-1.5 px-4 py-2.5 text-[11px] font-extrabold..."
-                                   className="px-5 py-2 rounded-full text-[11px] font-extrabold uppercase tracking-[0..."
                                    style={{
+                                     fontFamily: "var(--font-fraunces), 'Fraunces', Georgia, serif"
+                                     borderRadius: "50px"
+                                     background: "#2a1d14"
+                                     color: "#fef0d6"
-                                     color: "rgb(254, 240, 214)"
+                                     border: "none"
+                                     boxShadow: "0 4px 0 #0e0a07"
-                                     font-family: "var(--font-fraunces), 'Fraunces', Georgia, serif"
-                                     background-image: "initial"
-                                     background-position-x: "initial"
-                                     background-position-y: "initial"
-                                     background-size: "initial"
-                                     background-repeat: "initial"
-                                     background-attachment: "initial"
-                                     background-origin: "initial"
-                                     background-clip: "initial"
-                                     background-color: "rgb(42, 29, 20)"
-                                     border-top-width: "1.5px"
-                                     border-right-width: "1.5px"
-                                     border-bottom-width: "1.5px"
-                                     border-left-width: "1.5px"
-                                     border-top-style: "solid"
-                                     border-right-style: "solid"
-                                     border-bottom-style: "solid"
-                                     border-left-style: "solid"
-                                     border-top-color: "rgb(42, 29, 20)"
-                                     border-right-color: "rgb(42, 29, 20)"
-                                     border-bottom-color: "rgb(42, 29, 20)"
-                                     border-left-color: "rgb(42, 29, 20)"
-                                     border-image-source: "initial"
-                                     border-image-slice: "initial"
-                                     border-image-width: "initial"
-                                     border-image-outset: "initial"
-                                     border-image-repeat: "initial"
-                                     box-shadow: "rgb(217, 152, 32) 0px 4px 0px"
                                    }}
                                  >
+                                   <span style={{fontSize:15,lineHeight:1}}>
-                                   All
                                    ...
                                  ...
                                  ...
                                ...
                              ...
                    ...
                  ...
        ...

    at throwOnHydrationMismatch (http://localhost:3000/_next/static/chunks/node_modules_next_dist_compiled_react-dom_058-ah~._.js:3318:56)
    at beginWork (http://localhost:3000/_next/static/chunks/node_modules_next_dist_compiled_react-dom_058-ah~._.js:6758:918)
    at runWithFiberInDEV (http://localhost:3000/_next/static/chunks/node_modules_next_dist_compiled_react-dom_058-ah~._.js:965:74)
    at performUnitOfWork (http://localhost:3000/_next/static/chunks/node_modules_next_dist_compiled_react-dom_058-ah~._.js:9555:97)
    at workLoopConcurrentByScheduler (http://localhost:3000/_next/static/chunks/node_modules_next_dist_compiled_react-dom_058-ah~._.js:9551:58)
    at renderRootConcurrent (http://localhost:3000/_next/static/chunks/node_modules_next_dist_compiled_react-dom_058-ah~._.js:9534:71)
    at performWorkOnRoot (http://localhost:3000/_next/static/chunks/node_modules_next_dist_compiled_react-dom_058-ah~._.js:9061:150)
    at performWorkOnRootViaSchedulerTask (http://localhost:3000/_next/static/chunks/node_modules_next_dist_compiled_react-dom_058-ah~._.js:10255:9)
    at MessagePort.performWorkUntilDeadline (http://localhost:3000/_next/static/chunks/node_modules_next_dist_compiled_0rpq4pf._.js:2647:64)
[ 4787954ms] [INFO] %cDownload the React DevTools for a better development experience: https://react.dev/link/react-devtools font-weight:bold @ http://localhost:3000/_next/static/chunks/node_modules_next_dist_115brz8._.js:2431
[ 4787991ms] [LOG] [HMR] connected @ http://localhost:3000/_next/static/chunks/node_modules_next_dist_115brz8._.js:2431
[ 4788291ms] Error: Hydration failed because the server rendered HTML didn't match the client. As a result this tree will be regenerated on the client. This can happen if a SSR-ed Client Component used:

- A server/client branch `if (typeof window !== 'undefined')`.
- Variable input such as `Date.now()` or `Math.random()` which changes each time it's called.
- Date formatting in a user's locale which doesn't match the server.
- External changing data without sending a snapshot of it along with the HTML.
- Invalid HTML tag nesting.

It can also happen if the client has a browser extension installed which messes with the HTML before React loaded.

https://react.dev/link/hydration-mismatch

  ...
    <ScrollAndMaybeFocusHandler cacheNode={{rsc:{...}, ...}}>
      <InnerScrollAndFocusHandlerOld focusAndScrollRef={{scrollRef:null, ...}} cacheNode={{rsc:{...}, ...}}>
        <ErrorBoundary errorComponent={undefined} errorStyles={undefined} errorScripts={undefined}>
          <LoadingBoundary name="shop/" loading={null}>
            <HTTPAccessFallbackBoundary notFound={undefined} forbidden={undefined} unauthorized={undefined}>
              <RedirectBoundary>
                <RedirectErrorBoundary router={{...}}>
                  <InnerLayoutRouter url="/en/shop" tree={[...]} params={{lang:"en"}} cacheNode={{rsc:{...}, ...}} ...>
                    <SegmentViewNode type="page" pagePath="[lang]/sho...">
                      <SegmentTrieNode>
                      <ShopPage>
                        <Suspense fallback={<div>}>
                          <ShopClient lang="en" dictionary={{nav:{...}, ...}} products={[...]}>
                            <div style={{...}}>
                              <div
+                               className="container pt-10 pb-1 text-center"
-                               className="container pt-10 pb-2 text-center"
                              >
                              <nav
+                               className="py-7 px-4"
-                               className="py-6 px-4"
                              >
                                <div className="flex flex-...">
                                  <button
                                    onClick={function onClick}
+                                   className="inline-flex items-center gap-1.5 px-4 py-2.5 text-[11px] font-extrabold..."
-                                   className="px-5 py-2 rounded-full text-[11px] font-extrabold uppercase tracking-[0..."
                                    style={{
+                                     fontFamily: "var(--font-fraunces), 'Fraunces', Georgia, serif"
+                                     borderRadius: "50px"
+                                     background: "#2a1d14"
+                                     color: "#fef0d6"
-                                     color: "rgb(254, 240, 214)"
+                                     border: "none"
+                                     boxShadow: "0 4px 0 #0e0a07"
-                                     font-family: "var(--font-fraunces), 'Fraunces', Georgia, serif"
-                                     background-image: "initial"
-                                     background-position-x: "initial"
-                                     background-position-y: "initial"
-                                     background-size: "initial"
-                                     background-repeat: "initial"
-                                     background-attachment: "initial"
-                                     background-origin: "initial"
-                                     background-clip: "initial"
-                                     background-color: "rgb(42, 29, 20)"
-                                     border-top-width: "1.5px"
-                                     border-right-width: "1.5px"
-                                     border-bottom-width: "1.5px"
-                                     border-left-width: "1.5px"
-                                     border-top-style: "solid"
-                                     border-right-style: "solid"
-                                     border-bottom-style: "solid"
-                                     border-left-style: "solid"
-                                     border-top-color: "rgb(42, 29, 20)"
-                                     border-right-color: "rgb(42, 29, 20)"
-                                     border-bottom-color: "rgb(42, 29, 20)"
-                                     border-left-color: "rgb(42, 29, 20)"
-                                     border-image-source: "initial"
-                                     border-image-slice: "initial"
-                                     border-image-width: "initial"
-                                     border-image-outset: "initial"
-                                     border-image-repeat: "initial"
-                                     box-shadow: "rgb(217, 152, 32) 0px 4px 0px"
                                    }}
                                  >
+                                   <span style={{fontSize:15,lineHeight:1}}>
-                                   All
                                    ...
                                  ...
                                  ...
                                ...
                              ...
                    ...
                  ...
        ...

    at throwOnHydrationMismatch (http://localhost:3000/_next/static/chunks/node_modules_next_dist_compiled_react-dom_058-ah~._.js:3318:56)
    at beginWork (http://localhost:3000/_next/static/chunks/node_modules_next_dist_compiled_react-dom_058-ah~._.js:6758:918)
    at runWithFiberInDEV (http://localhost:3000/_next/static/chunks/node_modules_next_dist_compiled_react-dom_058-ah~._.js:965:74)
    at performUnitOfWork (http://localhost:3000/_next/static/chunks/node_modules_next_dist_compiled_react-dom_058-ah~._.js:9555:97)
    at workLoopConcurrentByScheduler (http://localhost:3000/_next/static/chunks/node_modules_next_dist_compiled_react-dom_058-ah~._.js:9551:58)
    at renderRootConcurrent (http://localhost:3000/_next/static/chunks/node_modules_next_dist_compiled_react-dom_058-ah~._.js:9534:71)
    at performWorkOnRoot (http://localhost:3000/_next/static/chunks/node_modules_next_dist_compiled_react-dom_058-ah~._.js:9061:150)
    at performWorkOnRootViaSchedulerTask (http://localhost:3000/_next/static/chunks/node_modules_next_dist_compiled_react-dom_058-ah~._.js:10255:9)
    at MessagePort.performWorkUntilDeadline (http://localhost:3000/_next/static/chunks/node_modules_next_dist_compiled_0rpq4pf._.js:2647:64)
[ 4788423ms] [INFO] %cDownload the React DevTools for a better development experience: https://react.dev/link/react-devtools font-weight:bold @ http://localhost:3000/_next/static/chunks/node_modules_next_dist_115brz8._.js:2431
[ 4788456ms] [LOG] [HMR] connected @ http://localhost:3000/_next/static/chunks/node_modules_next_dist_115brz8._.js:2431
[ 4788564ms] Error: Hydration failed because the server rendered HTML didn't match the client. As a result this tree will be regenerated on the client. This can happen if a SSR-ed Client Component used:

- A server/client branch `if (typeof window !== 'undefined')`.
- Variable input such as `Date.now()` or `Math.random()` which changes each time it's called.
- Date formatting in a user's locale which doesn't match the server.
- External changing data without sending a snapshot of it along with the HTML.
- Invalid HTML tag nesting.

It can also happen if the client has a browser extension installed which messes with the HTML before React loaded.

https://react.dev/link/hydration-mismatch

  ...
    <ScrollAndMaybeFocusHandler cacheNode={{rsc:{...}, ...}}>
      <InnerScrollAndFocusHandlerOld focusAndScrollRef={{scrollRef:null, ...}} cacheNode={{rsc:{...}, ...}}>
        <ErrorBoundary errorComponent={undefined} errorStyles={undefined} errorScripts={undefined}>
          <LoadingBoundary name="shop/" loading={null}>
            <HTTPAccessFallbackBoundary notFound={undefined} forbidden={undefined} unauthorized={undefined}>
              <RedirectBoundary>
                <RedirectErrorBoundary router={{...}}>
                  <InnerLayoutRouter url="/en/shop" tree={[...]} params={{lang:"en"}} cacheNode={{rsc:{...}, ...}} ...>
                    <SegmentViewNode type="page" pagePath="[lang]/sho...">
                      <SegmentTrieNode>
                      <ShopPage>
                        <Suspense fallback={<div>}>
                          <ShopClient lang="en" dictionary={{nav:{...}, ...}} products={[...]}>
                            <div style={{...}}>
                              <div
+                               className="container pt-10 pb-1 text-center"
-                               className="container pt-10 pb-2 text-center"
                              >
                              <nav
+                               className="py-7 px-4"
-                               className="py-6 px-4"
                              >
                                <div className="flex flex-...">
                                  <button
                                    onClick={function onClick}
+                                   className="inline-flex items-center gap-1.5 px-4 py-2.5 text-[11px] font-extrabold..."
-                                   className="px-5 py-2 rounded-full text-[11px] font-extrabold uppercase tracking-[0..."
                                    style={{
+                                     fontFamily: "var(--font-fraunces), 'Fraunces', Georgia, serif"
+                                     borderRadius: "50px"
+                                     background: "#2a1d14"
+                                     color: "#fef0d6"
-                                     color: "rgb(254, 240, 214)"
+                                     border: "none"
+                                     boxShadow: "0 4px 0 #0e0a07"
-                                     font-family: "var(--font-fraunces), 'Fraunces', Georgia, serif"
-                                     background-image: "initial"
-                                     background-position-x: "initial"
-                                     background-position-y: "initial"
-                                     background-size: "initial"
-                                     background-repeat: "initial"
-                                     background-attachment: "initial"
-                                     background-origin: "initial"
-                                     background-clip: "initial"
-                                     background-color: "rgb(42, 29, 20)"
-                                     border-top-width: "1.5px"
-                                     border-right-width: "1.5px"
-                                     border-bottom-width: "1.5px"
-                                     border-left-width: "1.5px"
-                                     border-top-style: "solid"
-                                     border-right-style: "solid"
-                                     border-bottom-style: "solid"
-                                     border-left-style: "solid"
-                                     border-top-color: "rgb(42, 29, 20)"
-                                     border-right-color: "rgb(42, 29, 20)"
-                                     border-bottom-color: "rgb(42, 29, 20)"
-                                     border-left-color: "rgb(42, 29, 20)"
-                                     border-image-source: "initial"
-                                     border-image-slice: "initial"
-                                     border-image-width: "initial"
-                                     border-image-outset: "initial"
-                                     border-image-repeat: "initial"
-                                     box-shadow: "rgb(217, 152, 32) 0px 4px 0px"
                                    }}
                                  >
+                                   <span style={{fontSize:15,lineHeight:1}}>
-                                   All
                                    ...
                                  ...
                                  ...
                                ...
                              ...
                    ...
                  ...
        ...

    at throwOnHydrationMismatch (http://localhost:3000/_next/static/chunks/node_modules_next_dist_compiled_react-dom_058-ah~._.js:3318:56)
    at beginWork (http://localhost:3000/_next/static/chunks/node_modules_next_dist_compiled_react-dom_058-ah~._.js:6758:918)
    at runWithFiberInDEV (http://localhost:3000/_next/static/chunks/node_modules_next_dist_compiled_react-dom_058-ah~._.js:965:74)
    at performUnitOfWork (http://localhost:3000/_next/static/chunks/node_modules_next_dist_compiled_react-dom_058-ah~._.js:9555:97)
    at workLoopConcurrentByScheduler (http://localhost:3000/_next/static/chunks/node_modules_next_dist_compiled_react-dom_058-ah~._.js:9551:58)
    at renderRootConcurrent (http://localhost:3000/_next/static/chunks/node_modules_next_dist_compiled_react-dom_058-ah~._.js:9534:71)
    at performWorkOnRoot (http://localhost:3000/_next/static/chunks/node_modules_next_dist_compiled_react-dom_058-ah~._.js:9061:150)
    at performWorkOnRootViaSchedulerTask (http://localhost:3000/_next/static/chunks/node_modules_next_dist_compiled_react-dom_058-ah~._.js:10255:9)
    at MessagePort.performWorkUntilDeadline (http://localhost:3000/_next/static/chunks/node_modules_next_dist_compiled_0rpq4pf._.js:2647:64)
[ 4840607ms] [LOG] [Fast Refresh] rebuilding @ http://localhost:3000/_next/static/chunks/node_modules_next_dist_115brz8._.js:2431
[ 4841257ms] [LOG] [Fast Refresh] done in 751ms @ http://localhost:3000/_next/static/chunks/node_modules_next_dist_115brz8._.js:2431
